#
# There is insufficient memory for the Java Runtime Environment to continue.
# Native memory allocation (mmap) failed to map 65536 bytes for Failed to commit metaspace.
# Possible reasons:
#   The system is out of physical RAM or swap space
#   The process is running with CompressedOops enabled, and the Java Heap may be blocking the growth of the native heap
# Possible solutions:
#   Reduce memory load on the system
#   Increase physical memory or swap space
#   Check if swap backing store is full
#   Decrease Java heap size (-Xmx/-Xms)
#   Decrease number of Java threads
#   Decrease Java thread stack sizes (-Xss)
#   Set larger code cache with -XX:ReservedCodeCacheSize=
#   JVM is running with Unscaled Compressed Oops mode in which the Java heap is
#     placed in the first 4GB address space. The Java Heap base address is the
#     maximum limit for the native heap growth. Please use -XX:HeapBaseMinAddress
#     to set the Java Heap base and to place the Java Heap above 4GB virtual address.
# This output file may be truncated or incomplete.
#
#  Out of Memory Error (virtualSpaceNode.cpp:110), pid=37316, tid=40108
#
# JRE version: OpenJDK Runtime Environment Temurin-17.0.9+9 (17.0.9+9) (build 17.0.9+9)
# Java VM: OpenJDK 64-Bit Server VM Temurin-17.0.9+9 (17.0.9+9, mixed mode, emulated-client, tiered, compressed oops, compressed class ptrs, g1 gc, windows-amd64)
# No core dump will be written. Minidumps are not enabled by default on client versions of Windows
#

---------------  S U M M A R Y ------------

Command Line: -XX:+HeapDumpOnOutOfMemoryError -Xmx1024m -Dsts.lsp.client=vscode -Dsts.log.file=/dev/null -XX:TieredStopAtLevel=1 -Xlog:jni+resolve=off -Dspring.config.location=file:c:\Users\maure\.vscode\extensions\vmware.vscode-spring-boot-1.51.0\language-server\BOOT-INF\classes\application.properties org.springframework.ide.vscode.boot.app.BootLanguageServerBootApp

Host: 11th Gen Intel(R) Core(TM) i5-1135G7 @ 2.40GHz, 8 cores, 7G,  Windows 11 , 64 bit Build 22621 (10.0.22621.2506)
Time: Sun Dec 10 15:22:50 2023 SE Asia Standard Time elapsed time: 59.273957 seconds (0d 0h 0m 59s)

---------------  T H R E A D  ---------------

Current thread (0x000001336dab2c80):  JavaThread "main" [_thread_in_vm, id=40108, stack(0x00000016b0d00000,0x00000016b0e00000)]

Stack: [0x00000016b0d00000,0x00000016b0e00000]
Native frames: (J=compiled Java code, j=interpreted, Vv=VM code, C=native code)
V  [jvm.dll+0x67cf49]
V  [jvm.dll+0x83478a]
V  [jvm.dll+0x83624e]
V  [jvm.dll+0x8368b3]
V  [jvm.dll+0x247f1f]
V  [jvm.dll+0x83044b]
V  [jvm.dll+0x621776]
V  [jvm.dll+0x1c1fee]
V  [jvm.dll+0x6240d1]
V  [jvm.dll+0x622116]
V  [jvm.dll+0x23c46f]
V  [jvm.dll+0x62bfc5]
V  [jvm.dll+0x1ebfdb]
V  [jvm.dll+0x1ec515]
V  [jvm.dll+0x1ecfd0]
V  [jvm.dll+0x1e23d1]
V  [jvm.dll+0x54305e]
V  [jvm.dll+0x7ae778]
V  [jvm.dll+0x7ae864]
V  [jvm.dll+0x411165]
V  [jvm.dll+0x4172e9]
C  [java.dll+0x17ec]

Java frames: (J=compiled Java code, j=interpreted, Vv=VM code)
J 831  java.lang.ClassLoader.defineClass1(Ljava/lang/ClassLoader;Ljava/lang/String;[BIILjava/security/ProtectionDomain;Ljava/lang/String;)Ljava/lang/Class; java.base@17.0.9 (0 bytes) @ 0x00000133709b985b [0x00000133709b97a0+0x00000000000000bb]
J 745 c1 java.lang.ClassLoader.defineClass(Ljava/lang/String;[BIILjava/security/ProtectionDomain;)Ljava/lang/Class; java.base@17.0.9 (43 bytes) @ 0x00000133709d785c [0x00000133709d7760+0x00000000000000fc]
J 733 c1 jdk.internal.loader.BuiltinClassLoader.defineClass(Ljava/lang/String;Ljdk/internal/loader/Resource;)Ljava/lang/Class; java.base@17.0.9 (121 bytes) @ 0x00000133709dc4c4 [0x00000133709dc020+0x00000000000004a4]
J 732 c1 jdk.internal.loader.BuiltinClassLoader.findClassOnClassPathOrNull(Ljava/lang/String;)Ljava/lang/Class; java.base@17.0.9 (64 bytes) @ 0x00000133709dd144 [0x00000133709dcea0+0x00000000000002a4]
J 651 c1 jdk.internal.loader.BuiltinClassLoader.loadClassOrNull(Ljava/lang/String;Z)Ljava/lang/Class; java.base@17.0.9 (143 bytes) @ 0x0000013370a042c4 [0x0000013370a03e80+0x0000000000000444]
J 713 c1 jdk.internal.loader.ClassLoaders$AppClassLoader.loadClass(Ljava/lang/String;Z)Ljava/lang/Class; java.base@17.0.9 (40 bytes) @ 0x00000133709e6124 [0x00000133709e5fe0+0x0000000000000144]
J 712 c1 java.lang.ClassLoader.loadClass(Ljava/lang/String;)Ljava/lang/Class; java.base@17.0.9 (7 bytes) @ 0x00000133709e6ae4 [0x00000133709e6aa0+0x0000000000000044]
v  ~StubRoutines::call_stub
j  org.springframework.ide.vscode.boot.app.BootLanguageServerBootApp.remoteAppsFromCommandsConnector(Lorg/springframework/ide/vscode/commons/languageserver/util/SimpleLanguageServer;Lorg/springframework/ide/vscode/boot/java/livehover/v2/SpringProcessConnectorService;)Lorg/springframework/ide/vscode/boot/java/livehover/v2/SpringProcessConnectorRemote;+19
v  ~StubRoutines::call_stub
j  jdk.internal.reflect.NativeMethodAccessorImpl.invoke0(Ljava/lang/reflect/Method;Ljava/lang/Object;[Ljava/lang/Object;)Ljava/lang/Object;+0 java.base@17.0.9
j  jdk.internal.reflect.NativeMethodAccessorImpl.invoke(Ljava/lang/Object;[Ljava/lang/Object;)Ljava/lang/Object;+133 java.base@17.0.9
j  jdk.internal.reflect.DelegatingMethodAccessorImpl.invoke(Ljava/lang/Object;[Ljava/lang/Object;)Ljava/lang/Object;+6 java.base@17.0.9
j  java.lang.reflect.Method.invoke(Ljava/lang/Object;[Ljava/lang/Object;)Ljava/lang/Object;+59 java.base@17.0.9
j  org.springframework.beans.factory.support.SimpleInstantiationStrategy.instantiate(Lorg/springframework/beans/factory/support/RootBeanDefinition;Ljava/lang/String;Lorg/springframework/beans/factory/BeanFactory;Ljava/lang/Object;Ljava/lang/reflect/Method;[Ljava/lang/Object;)Ljava/lang/Object;+30
j  org.springframework.beans.factory.support.ConstructorResolver.instantiate(Ljava/lang/String;Lorg/springframework/beans/factory/support/RootBeanDefinition;Ljava/lang/Object;Ljava/lang/reflect/Method;[Ljava/lang/Object;)Ljava/lang/Object;+18
j  org.springframework.beans.factory.support.ConstructorResolver.instantiateUsingFactoryMethod(Ljava/lang/String;Lorg/springframework/beans/factory/support/RootBeanDefinition;[Ljava/lang/Object;)Lorg/springframework/beans/BeanWrapper;+1438
j  org.springframework.beans.factory.support.AbstractAutowireCapableBeanFactory.instantiateUsingFactoryMethod(Ljava/lang/String;Lorg/springframework/beans/factory/support/RootBeanDefinition;[Ljava/lang/Object;)Lorg/springframework/beans/BeanWrapper;+11
j  org.springframework.beans.factory.support.AbstractAutowireCapableBeanFactory.createBeanInstance(Ljava/lang/String;Lorg/springframework/beans/factory/support/RootBeanDefinition;[Ljava/lang/Object;)Lorg/springframework/beans/BeanWrapper;+89
j  org.springframework.beans.factory.support.AbstractAutowireCapableBeanFactory.doCreateBean(Ljava/lang/String;Lorg/springframework/beans/factory/support/RootBeanDefinition;[Ljava/lang/Object;)Ljava/lang/Object;+34
j  org.springframework.beans.factory.support.AbstractAutowireCapableBeanFactory.createBean(Ljava/lang/String;Lorg/springframework/beans/factory/support/RootBeanDefinition;[Ljava/lang/Object;)Ljava/lang/Object;+153
j  org.springframework.beans.factory.support.AbstractBeanFactory.lambda$doGetBean$0(Ljava/lang/String;Lorg/springframework/beans/factory/support/RootBeanDefinition;[Ljava/lang/Object;)Ljava/lang/Object;+4
j  org.springframework.beans.factory.support.AbstractBeanFactory$$Lambda$420+0x0000000100351458.getObject()Ljava/lang/Object;+16
j  org.springframework.beans.factory.support.DefaultSingletonBeanRegistry.getSingleton(Ljava/lang/String;Lorg/springframework/beans/factory/ObjectFactory;)Ljava/lang/Object;+114
j  org.springframework.beans.factory.support.AbstractBeanFactory.doGetBean(Ljava/lang/String;Ljava/lang/Class;[Ljava/lang/Object;Z)Ljava/lang/Object;+429
j  org.springframework.beans.factory.support.AbstractBeanFactory.getBean(Ljava/lang/String;)Ljava/lang/Object;+5
j  org.springframework.beans.factory.support.DefaultListableBeanFactory.getBeansOfType(Ljava/lang/Class;ZZ)Ljava/util/Map;+46
j  org.springframework.beans.factory.support.DefaultListableBeanFactory.getBeansOfType(Ljava/lang/Class;)Ljava/util/Map;+4
j  org.springframework.context.support.AbstractApplicationContext.getBeansOfType(Ljava/lang/Class;)Ljava/util/Map;+9
j  org.springframework.ide.vscode.boot.java.BootJavaLanguageServerComponents.<init>(Lorg/springframework/context/ApplicationContext;)V+231
j  org.springframework.ide.vscode.boot.app.BootLanguageServerInitializer.afterPropertiesSet()V+51
j  org.springframework.beans.factory.support.AbstractAutowireCapableBeanFactory.invokeInitMethods(Ljava/lang/String;Ljava/lang/Object;Lorg/springframework/beans/factory/support/RootBeanDefinition;)V+56
j  org.springframework.beans.factory.support.AbstractAutowireCapableBeanFactory.initializeBean(Ljava/lang/String;Ljava/lang/Object;Lorg/springframework/beans/factory/support/RootBeanDefinition;)Ljava/lang/Object;+34
j  org.springframework.beans.factory.support.AbstractAutowireCapableBeanFactory.doCreateBean(Ljava/lang/String;Lorg/springframework/beans/factory/support/RootBeanDefinition;[Ljava/lang/Object;)Ljava/lang/Object;+228
j  org.springframework.beans.factory.support.AbstractAutowireCapableBeanFactory.createBean(Ljava/lang/String;Lorg/springframework/beans/factory/support/RootBeanDefinition;[Ljava/lang/Object;)Ljava/lang/Object;+153
j  org.springframework.beans.factory.support.AbstractBeanFactory.lambda$doGetBean$0(Ljava/lang/String;Lorg/springframework/beans/factory/support/RootBeanDefinition;[Ljava/lang/Object;)Ljava/lang/Object;+4
j  org.springframework.beans.factory.support.AbstractBeanFactory$$Lambda$420+0x0000000100351458.getObject()Ljava/lang/Object;+16
j  org.springframework.beans.factory.support.DefaultSingletonBeanRegistry.getSingleton(Ljava/lang/String;Lorg/springframework/beans/factory/ObjectFactory;)Ljava/lang/Object;+114
j  org.springframework.beans.factory.support.AbstractBeanFactory.doGetBean(Ljava/lang/String;Ljava/lang/Class;[Ljava/lang/Object;Z)Ljava/lang/Object;+429
j  org.springframework.beans.factory.support.AbstractBeanFactory.getBean(Ljava/lang/String;)Ljava/lang/Object;+5
j  org.springframework.beans.factory.support.DefaultListableBeanFactory.preInstantiateSingletons()V+152
j  org.springframework.context.support.AbstractApplicationContext.finishBeanFactoryInitialization(Lorg/springframework/beans/factory/config/ConfigurableListableBeanFactory;)V+130
j  org.springframework.context.support.AbstractApplicationContext.refresh()V+86
j  org.springframework.boot.SpringApplication.refresh(Lorg/springframework/context/ConfigurableApplicationContext;)V+1
j  org.springframework.boot.SpringApplication.refreshContext(Lorg/springframework/context/ConfigurableApplicationContext;)V+16
j  org.springframework.boot.SpringApplication.run([Ljava/lang/String;)Lorg/springframework/context/ConfigurableApplicationContext;+114
j  org.springframework.boot.SpringApplication.run([Ljava/lang/Class;[Ljava/lang/String;)Lorg/springframework/context/ConfigurableApplicationContext;+9
j  org.springframework.boot.SpringApplication.run(Ljava/lang/Class;[Ljava/lang/String;)Lorg/springframework/context/ConfigurableApplicationContext;+9
j  org.springframework.ide.vscode.boot.app.BootLanguageServerBootApp.main([Ljava/lang/String;)V+19
v  ~StubRoutines::call_stub

Compiled method (n/a)   59449  831     n 0       java.lang.ClassLoader::defineClass1 (native)
 total in heap  [0x00000133709b9610,0x00000133709b9ae8] = 1240
 relocation     [0x00000133709b9768,0x00000133709b97a0] = 56
 main code      [0x00000133709b97a0,0x00000133709b9ae8] = 840

[Constant Pool (empty)]

[MachCode]
[Entry Point]
  # {method} {0x000001337901de78} 'defineClass1' '(Ljava/lang/ClassLoader;Ljava/lang/String;[BIILjava/security/ProtectionDomain;Ljava/lang/String;)Ljava/lang/Class;' in 'java/lang/ClassLoader'
  # parm0:    rdx:rdx   = 'java/lang/ClassLoader'
  # parm1:    r8:r8     = 'java/lang/String'
  # parm2:    r9:r9     = '[B'
  # parm3:    rdi       = int
  # parm4:    rsi       = int
  # parm5:    rcx:rcx   = 'java/security/ProtectionDomain'
  # parm6:    [sp+0xa0]   = 'java/lang/String'  (sp of caller)
  0x00000133709b97a0: 448b 5208 | 49c1 e203 | 493b c20f | 8407 0000 

  0x00000133709b97b0: ;   {runtime_call ic_miss_stub}
  0x00000133709b97b0: 00e9 ca7d | dcff 6690 
[Verified Entry Point]
  0x00000133709b97b8: 8984 2400 | 90ff ff55 | 488b ec48 | 81ec 9000 | 0000 4881 | 7d10 0000 | 0000 488d | 4510 480f 
  0x00000133709b97d8: 4445 1048 | 8944 2440 | 4889 4c24 | 7048 83f9 | 0048 8d44 | 2470 480f | 4444 2470 | 4889 4424 
  0x00000133709b97f8: 3848 8974 | 2430 4889 | 7c24 284c | 894c 2458 | 4983 f900 | 488d 4424 | 5848 0f44 | 4424 5848 
  0x00000133709b9818: 8944 2420 | 4c89 4424 | 5049 83f8 | 004c 8d4c | 2450 4c0f | 444c 2450 | 4889 5424 | 4848 83fa 
  0x00000133709b9838: 004c 8d44 | 2448 4c0f | 4444 2448 

  0x00000133709b9844: ;   {oop(a 'java/lang/Class'{0x00000000c0afe610} = 'java/lang/ClassLoader')}
  0x00000133709b9844: 49be 10e6 | afc0 0000 | 0000 4c89 | 7424 784c | 8d74 2478 | 498b d6c5 

  0x00000133709b985c: ;   {internal_word}
  0x00000133709b985c: f877 49ba | 5b98 9b70 | 3301 0000 | 4d89 97a0 | 0200 0049 | 89a7 9802 

  0x00000133709b9874: ;   {external_word}
  0x00000133709b9874: 0000 49ba | 2e35 6749 | fd7f 0000 | 4180 3a00 | 0f84 5200 | 0000 5241 

  0x00000133709b988c: ;   {metadata({method} {0x000001337901de78} 'defineClass1' '(Ljava/lang/ClassLoader;Ljava/lang/String;[BIILjava/security/ProtectionDomain;Ljava/lang/String;)Ljava/lang/Class;' in 'java/lang/ClassLoader')}
  0x00000133709b988c: 5041 5148 | ba70 de01 | 7933 0100 | 0049 8bcf | 4883 ec20 | f7c4 0f00 | 0000 0f84 | 1a00 0000 
  0x00000133709b98ac: 4883 ec08 

  0x00000133709b98b0: ;   {runtime_call}
  0x00000133709b98b0: 49ba c02b | 1d49 fd7f | 0000 41ff | d248 83c4 | 08e9 0d00 

  0x00000133709b98c4: ;   {runtime_call}
  0x00000133709b98c4: 0000 49ba | c02b 1d49 | fd7f 0000 | 41ff d248 | 83c4 2041 | 5941 585a | 498d 8fb8 | 0200 0041 
  0x00000133709b98e4: c787 4803 | 0000 0400 

  0x00000133709b98ec: ;   {runtime_call}
  0x00000133709b98ec: 0000 49ba | ac16 46b3 | fd7f 0000 | 41ff d2c5 | f877 41c7 | 8748 0300 | 0005 0000 | 00f0 8344 
  0x00000133709b990c: 24c0 0049 | 3baf 5003 | 0000 0f87 | 1100 0000 | 4181 bf38 | 0300 0000 | 0000 000f | 842c 0000 
  0x00000133709b992c: 00c5 f877 | 4889 45f8 | 498b cf4c | 8be4 4883 | ec20 4883 

  0x00000133709b9940: ;   {runtime_call}
  0x00000133709b9940: e4f0 49ba | f040 2d49 | fd7f 0000 | 41ff d249 | 8be4 4d33 | e448 8b45 | f841 c787 | 4803 0000 
  0x00000133709b9960: 0800 0000 | 4181 bfb8 | 0300 0002 | 0000 000f | 843f 0100 

  0x00000133709b9974: ;   {external_word}
  0x00000133709b9974: 0049 ba2e | 3567 49fd | 7f00 0041 | 803a 000f | 8450 0000 | 0048 8945 

  0x00000133709b998c: ;   {metadata({method} {0x000001337901de78} 'defineClass1' '(Ljava/lang/ClassLoader;Ljava/lang/String;[BIILjava/security/ProtectionDomain;Ljava/lang/String;)Ljava/lang/Class;' in 'java/lang/ClassLoader')}
  0x00000133709b998c: f848 ba70 | de01 7933 | 0100 0049 | 8bcf 4883 | ec20 f7c4 | 0f00 0000 | 0f84 1a00 | 0000 4883 
  0x00000133709b99ac: ;   {runtime_call}
  0x00000133709b99ac: ec08 49ba | c02b 1d49 | fd7f 0000 | 41ff d248 | 83c4 08e9 | 0d00 0000 

  0x00000133709b99c4: ;   {runtime_call}
  0x00000133709b99c4: 49ba c02b | 1d49 fd7f | 0000 41ff | d248 83c4 | 2048 8b45 | f849 c787 | 9802 0000 | 0000 0000 
  0x00000133709b99e4: 49c7 87a0 | 0200 0000 | 0000 00c5 | f877 4885 | c00f 8493 | 0000 0048 | f7c0 0100 | 0000 0f84 
  0x00000133709b9a04: 8300 0000 | 488b 40ff | 4180 7f38 | 000f 846f | 0000 0048 | 83f8 000f | 8465 0000 | 0049 8b4f 
  0x00000133709b9a24: 2048 83f9 | 000f 8414 | 0000 0048 | 83e9 0849 | 894f 2049 | 034f 3048 | 8901 e943 | 0000 0050 
  0x00000133709b9a44: 498b d748 | 8bc8 4883 | ec20 f7c4 | 0f00 0000 | 0f84 1a00 | 0000 4883 

  0x00000133709b9a5c: ;   {runtime_call}
  0x00000133709b9a5c: ec08 49ba | 6050 dc48 | fd7f 0000 | 41ff d248 | 83c4 08e9 | 0d00 0000 

  0x00000133709b9a74: ;   {runtime_call}
  0x00000133709b9a74: 49ba 6050 | dc48 fd7f | 0000 41ff | d248 83c4 | 2058 e903 | 0000 0048 | 8b00 498b | 8fd8 0000 
  0x00000133709b9a94: 00c7 8100 | 0100 0000 | 0000 00c9 | 4981 7f08 | 0000 0000 | 0f85 0100 

  0x00000133709b9aac: ;   {runtime_call StubRoutines (1)}
  0x00000133709b9aac: 0000 c3e9 | 4c74 d7ff | c5f8 7748 | 8945 f84c | 8be4 4883 | ec20 4883 

  0x00000133709b9ac4: ;   {runtime_call}
  0x00000133709b9ac4: e4f0 49ba | 505c 1d49 | fd7f 0000 | 41ff d249 | 8be4 4d33 | e448 8b45 | f8e9 93fe | ffff f4f4 
  0x00000133709b9ae4: f4f4 f4f4 
[/MachCode]


Compiled method (c1)   59472  745       1       java.lang.ClassLoader::defineClass (43 bytes)
 total in heap  [0x00000133709d7590,0x00000133709d7b30] = 1440
 relocation     [0x00000133709d76e8,0x00000133709d7748] = 96
 main code      [0x00000133709d7760,0x00000133709d7900] = 416
 stub code      [0x00000133709d7900,0x00000133709d7978] = 120
 metadata       [0x00000133709d7978,0x00000133709d79a8] = 48
 scopes data    [0x00000133709d79a8,0x00000133709d7a60] = 184
 scopes pcs     [0x00000133709d7a60,0x00000133709d7b00] = 160
 dependencies   [0x00000133709d7b00,0x00000133709d7b08] = 8
 nul chk table  [0x00000133709d7b08,0x00000133709d7b30] = 40

[Constant Pool (empty)]

[MachCode]
[Entry Point]
  # {method} {0x000001337901dce8} 'defineClass' '(Ljava/lang/String;[BIILjava/security/ProtectionDomain;)Ljava/lang/Class;' in 'java/lang/ClassLoader'
  # this:     rdx:rdx   = 'java/lang/ClassLoader'
  # parm0:    r8:r8     = 'java/lang/String'
  # parm1:    r9:r9     = '[B'
  # parm2:    rdi       = int
  # parm3:    rsi       = int
  # parm4:    rcx:rcx   = 'java/security/ProtectionDomain'
  #           [sp+0xc0]  (sp of caller)
  0x00000133709d7760: 448b 5208 | 49c1 e203 

  0x00000133709d7768: ;   {runtime_call ic_miss_stub}
  0x00000133709d7768: 4c3b d00f | 850f 9eda | ff66 6666 | 0f1f 8400 | 0000 0000 | 6666 6690 
[Verified Entry Point]
  0x00000133709d7780: 8984 2400 | 90ff ff55 | 4881 ecb0 | 0000 0048 | 8954 2478 | 89b4 2494 | 0000 0089 | bc24 9000 
  0x00000133709d77a0: 0000 4c89 | 8c24 8800 | 0000 498b | d84c 8bc3 | 4c8b c948 | 8bca 488b | d148 899c | 2480 0000 
  0x00000133709d77c0: 0066 0f1f 

  0x00000133709d77c4: ;   {optimized virtual_call}
  0x00000133709d77c4: 4400 00e8 

  0x00000133709d77c8: ; ImmutableOopMap {[120]=Oop [136]=Oop [128]=Oop }
                      ;*invokevirtual preDefineClass {reexecute=0 rethrow=0 return_oop=0}
                      ; - java.lang.ClassLoader::defineClass@4
  0x00000133709d77c8: f4f8 fdff | 4889 8424 | 9800 0000 

  0x00000133709d77d4: ; implicit exception: dispatches to 0x00000133709d789a
  0x00000133709d77d4: 448b 4010 | 4983 f800 | 0f85 0f00 

  0x00000133709d77e0: ;   {oop(NULL)}
  0x00000133709d77e0: 0000 48bb | 0000 0000 | 0000 0000 | e936 0000 | 0045 8b40 | 0c49 83f8 | 000f 850f 

  0x00000133709d77fc: ;   {oop(NULL)}
  0x00000133709d77fc: 0000 0048 | bb00 0000 | 0000 0000 | 00e9 1900 | 0000 418b | 5038 483b 

  0x00000133709d7814: ;   {optimized virtual_call}
  0x00000133709d7814: 0266 90e8 

  0x00000133709d7818: ; ImmutableOopMap {[120]=Oop [136]=Oop [128]=Oop [152]=Oop }
                      ;*invokevirtual toExternalForm {reexecute=0 rethrow=0 return_oop=0}
                      ; - java.net.URL::toExternalForm@5
                      ; - java.net.URL::toString@1
                      ; - java.lang.ClassLoader::defineClassSourceLocation@22
                      ; - java.lang.ClassLoader::defineClass@12
  0x00000133709d7818: 0469 f0ff | 488b d848 | 8b84 2498 | 0000 008b | b424 9400 | 0000 8bbc | 2490 0000 | 004c 8b8c 
  0x00000133709d7838: 2488 0000 | 004c 8b84 | 2480 0000 | 0048 8b54 | 2478 4c8b | da49 8bd3 | 488b c848 

  0x00000133709d7854: ;   {static_call}
  0x00000133709d7854: 891c 24e8 

  0x00000133709d7858: ; ImmutableOopMap {[152]=Oop [120]=Oop }
                      ;*invokestatic defineClass1 {reexecute=0 rethrow=0 return_oop=0}
                      ; - java.lang.ClassLoader::defineClass@27
  0x00000133709d7858: 5c1f feff | 4c8b c04c | 8b8c 2498 | 0000 0048 | 8b54 2478 | 4889 8424 | a000 0000 

  0x00000133709d7874: ;   {optimized virtual_call}
  0x00000133709d7874: 6666 90e8 

  0x00000133709d7878: ; ImmutableOopMap {[160]=Oop }
                      ;*invokevirtual postDefineClass {reexecute=0 rethrow=0 return_oop=0}
                      ; - java.lang.ClassLoader::defineClass@37
  0x00000133709d7878: 04e7 fdff | 488b 8424 | a000 0000 | 4881 c4b0 | 0000 005d 

  0x00000133709d788c: ;   {poll_return}
  0x00000133709d788c: 493b a750 | 0300 000f | 8715 0000 

  0x00000133709d7898: ;   {runtime_call throw_null_pointer_exception Runtime1 stub}
  0x00000133709d7898: 00c3 e881 

  0x00000133709d789c: ; ImmutableOopMap {[120]=Oop [136]=Oop [128]=Oop rax=Oop [152]=Oop }
                      ;*invokevirtual getCodeSource {reexecute=0 rethrow=0 return_oop=0}
                      ; - java.lang.ClassLoader::defineClassSourceLocation@1
                      ; - java.lang.ClassLoader::defineClass@12
                      ;   {runtime_call throw_null_pointer_exception Runtime1 stub}
  0x00000133709d789c: c6e4 ffe8 

  0x00000133709d78a0: ; ImmutableOopMap {[120]=Oop [136]=Oop [128]=Oop rax=Oop [152]=Oop }
                      ;*invokevirtual getLocation {reexecute=0 rethrow=0 return_oop=0}
                      ; - java.lang.ClassLoader::defineClassSourceLocation@12
                      ; - java.lang.ClassLoader::defineClass@12
  0x00000133709d78a0: 7cc6 e4ff 

  0x00000133709d78a4: ;   {runtime_call throw_null_pointer_exception Runtime1 stub}
  0x00000133709d78a4: e877 c6e4 

  0x00000133709d78a8: ; ImmutableOopMap {[120]=Oop [136]=Oop [128]=Oop [152]=Oop r8=Oop }
                      ;*invokevirtual toString {reexecute=0 rethrow=0 return_oop=0}
                      ; - java.lang.ClassLoader::defineClassSourceLocation@22
                      ; - java.lang.ClassLoader::defineClass@12
                      ;   {runtime_call throw_null_pointer_exception Runtime1 stub}
  0x00000133709d78a8: ffe8 72c6 

  0x00000133709d78ac: ; ImmutableOopMap {[120]=Oop [136]=Oop [128]=Oop [152]=Oop r8=Oop rdx=Oop }
                      ;*invokevirtual toExternalForm {reexecute=0 rethrow=0 return_oop=0}
                      ; - java.net.URL::toExternalForm@5
                      ; - java.net.URL::toString@1
                      ; - java.lang.ClassLoader::defineClassSourceLocation@22
                      ; - java.lang.ClassLoader::defineClass@12
                      ;   {internal_word}
  0x00000133709d78ac: e4ff 49ba | 8c78 9d70 | 3301 0000 | 4d89 9768 

  0x00000133709d78bc: ;   {runtime_call SafepointBlob}
  0x00000133709d78bc: 0300 00e9 | bc16 dbff | 9090 498b | 87e0 0300 | 0049 c787 | e003 0000 | 0000 0000 | 49c7 87e8 
  0x00000133709d78dc: 0300 0000 | 0000 0048 | 81c4 b000 

  0x00000133709d78e8: ;   {runtime_call unwind_exception Runtime1 stub}
  0x00000133709d78e8: 0000 5de9 | 10b7 e4ff | f4f4 f4f4 | f4f4 f4f4 | f4f4 f4f4 | f4f4 f4f4 
[Stub Code]
  0x00000133709d7900: ;   {no_reloc}
  0x00000133709d7900: 0f1f 4400 

  0x00000133709d7904: ;   {static_stub}
  0x00000133709d7904: 0048 bbc0 | da01 7933 

  0x00000133709d790c: ;   {runtime_call I2C/C2I adapters}
  0x00000133709d790c: 0100 00e9 | 4425 dbff 

  0x00000133709d7914: ;   {static_stub}
  0x00000133709d7914: 9048 bb00 | 0000 0000 

  0x00000133709d791c: ;   {runtime_call}
  0x00000133709d791c: 0000 00e9 | fbff ffff 

  0x00000133709d7924: ;   {static_stub}
  0x00000133709d7924: 9048 bb70 | de01 7933 

  0x00000133709d792c: ;   {runtime_call I2C/C2I adapters}
  0x00000133709d792c: 0100 00e9 | bb1e daff 

  0x00000133709d7934: ;   {static_stub}
  0x00000133709d7934: 9048 bb20 | dc01 7933 

  0x00000133709d793c: ;   {runtime_call I2C/C2I adapters}
  0x00000133709d793c: 0100 00e9 | 1425 dbff 
[Exception Handler]
  0x00000133709d7944: ;   {runtime_call handle_exception_from_callee Runtime1 stub}
  0x00000133709d7944: e8b7 ebe4 

  0x00000133709d7948: ;   {external_word}
  0x00000133709d7948: ff48 b940 | 9a41 49fd | 7f00 0048 

  0x00000133709d7954: ;   {runtime_call}
  0x00000133709d7954: 83e4 f049 | ba60 2f0a | 49fd 7f00 | 0041 ffd2 

  0x00000133709d7964: ;   {section_word}
  0x00000133709d7964: f449 ba65 | 799d 7033 | 0100 0041 

  0x00000133709d7970: ;   {runtime_call DeoptimizationBlob}
  0x00000133709d7970: 52e9 aa2a | dbff f4f4 
[/MachCode]


Compiled method (c1)   59495  733       1       jdk.internal.loader.BuiltinClassLoader::defineClass (121 bytes)
 total in heap  [0x00000133709dbd90,0x00000133709dcbe8] = 3672
 relocation     [0x00000133709dbee8,0x00000133709dc018] = 304
 main code      [0x00000133709dc020,0x00000133709dc620] = 1536
 stub code      [0x00000133709dc620,0x00000133709dc768] = 328
 metadata       [0x00000133709dc768,0x00000133709dc7b0] = 72
 scopes data    [0x00000133709dc7b0,0x00000133709dca08] = 600
 scopes pcs     [0x00000133709dca08,0x00000133709dcba8] = 416
 dependencies   [0x00000133709dcba8,0x00000133709dcbb0] = 8
 handler table  [0x00000133709dcbb0,0x00000133709dcbc8] = 24
 nul chk table  [0x00000133709dcbc8,0x00000133709dcbe8] = 32

[Constant Pool (empty)]

[MachCode]
[Entry Point]
  # {method} {0x00000133790c0980} 'defineClass' '(Ljava/lang/String;Ljdk/internal/loader/Resource;)Ljava/lang/Class;' in 'jdk/internal/loader/BuiltinClassLoader'
  # this:     rdx:rdx   = 'jdk/internal/loader/BuiltinClassLoader'
  # parm0:    r8:r8     = 'java/lang/String'
  # parm1:    r9:r9     = 'jdk/internal/loader/Resource'
  #           [sp+0x110]  (sp of caller)
  0x00000133709dc020: 448b 5208 | 49c1 e203 

  0x00000133709dc028: ;   {runtime_call ic_miss_stub}
  0x00000133709dc028: 4c3b d00f | 854f 55da | ff66 6666 | 0f1f 8400 | 0000 0000 | 6666 6690 
[Verified Entry Point]
  0x00000133709dc040: 8984 2400 | 90ff ff55 | 4881 ec00 | 0100 0048 | 8994 24a0 | 0000 004c | 8984 2490 | 0000 004c 
  0x00000133709dc060: 898c 2498 | 0000 0049 | 8bd1 6666 | 9048 b8ff | ffff ffff 

  0x00000133709dc074: ;   {virtual_call}
  0x00000133709dc074: ffff ffe8 

  0x00000133709dc078: ; ImmutableOopMap {[152]=Oop [160]=Oop [144]=Oop }
                      ;*invokevirtual getCodeSourceURL {reexecute=0 rethrow=0 return_oop=0}
                      ; - jdk.internal.loader.BuiltinClassLoader::defineClass@1
  0x00000133709dc078: 9c36 e5ff | 4889 8424 | a800 0000 | 4c8b 8424 | 9000 0000 

  0x00000133709dc08c: ; implicit exception: dispatches to 0x00000133709dc523
  0x00000133709dc08c: 418b 7014 

  0x00000133709dc090: ; implicit exception: dispatches to 0x00000133709dc528
  0x00000133709dc090: 8b56 0c45 | 0fbe 4810 | 498b c9c1 | e118 c1f9 | 18d3 fa48 | 8bfa ffcf | 4183 f900 | ba00 0000 
  0x00000133709dc0b0: 000f 8505 | 0000 00ba | 0100 0000 | 83e2 0183 | fa00 488b | d641 b82e | 0000 004c | 8bcf 0f84 
  0x00000133709dc0d0: 0d00 0000 

  0x00000133709dc0d4: ;   {static_call}
  0x00000133709dc0d4: 6666 90e8 

  0x00000133709dc0d8: ; ImmutableOopMap {[152]=Oop [160]=Oop [168]=Oop [144]=Oop }
                      ;*invokestatic lastIndexOf {reexecute=0 rethrow=0 return_oop=0}
                      ; - java.lang.String::lastIndexOf@13
                      ; - java.lang.String::lastIndexOf@8
                      ; - jdk.internal.loader.BuiltinClassLoader::defineClass@8
  0x00000133709dc0d8: c4ba e5ff | e90b 0000 | 0066 0f1f 

  0x00000133709dc0e4: ;   {static_call}
  0x00000133709dc0e4: 4400 00e8 

  0x00000133709dc0e8: ; ImmutableOopMap {[152]=Oop [160]=Oop [168]=Oop [144]=Oop }
                      ;*invokestatic lastIndexOf {reexecute=0 rethrow=0 return_oop=0}
                      ; - java.lang.String::lastIndexOf@25
                      ; - java.lang.String::lastIndexOf@8
                      ; - jdk.internal.loader.BuiltinClassLoader::defineClass@8
  0x00000133709dc0e8: 1465 daff | 83f8 ff0f | 8467 0000 | 0041 b800 | 0000 004c | 8bc8 488b | 9424 9000 

  0x00000133709dc104: ;   {optimized virtual_call}
  0x00000133709dc104: 0000 90e8 

  0x00000133709dc108: ; ImmutableOopMap {[152]=Oop [160]=Oop [168]=Oop [144]=Oop }
                      ;*invokevirtual substring {reexecute=0 rethrow=0 return_oop=0}
                      ; - jdk.internal.loader.BuiltinClassLoader::defineClass@23
  0x00000133709dc108: f48f e8ff | 488b 9424 | 9800 0000 | 4889 8424 | b000 0000 | 9048 b8ff | ffff ffff 

  0x00000133709dc124: ;   {virtual_call}
  0x00000133709dc124: ffff ffe8 

  0x00000133709dc128: ; ImmutableOopMap {[152]=Oop [160]=Oop [168]=Oop [144]=Oop [176]=Oop }
                      ;*invokevirtual getManifest {reexecute=0 rethrow=0 return_oop=0}
                      ; - jdk.internal.loader.BuiltinClassLoader::defineClass@29
  0x00000133709dc128: bcc0 1300 | 4c8b 8424 | b000 0000 | 4c8b c848 | 8bbc 24a8 | 0000 0048 | 8b94 24a0 | 0000 0066 
  0x00000133709dc148: 0f1f 4400 | 0048 b8f0 | 1405 0001 

  0x00000133709dc154: ;   {virtual_call}
  0x00000133709dc154: 0000 00e8 

  0x00000133709dc158: ; ImmutableOopMap {[152]=Oop [160]=Oop [168]=Oop [144]=Oop }
                      ;*invokevirtual defineOrCheckPackage {reexecute=0 rethrow=0 return_oop=0}
                      ; - jdk.internal.loader.BuiltinClassLoader::defineClass@40
  0x00000133709dc158: c4fa ffff | 4c8b 8c24 | 9800 0000 | 488d 9424 | e000 0000 | 4c89 4a08 | 498b 0148 | 83c8 0148 
  0x00000133709dc178: 8902 f049 | 0fb1 110f | 8413 0000 | 0048 2bc4 | 4881 e007 | f0ff ff48 | 8902 0f85 | 9503 0000 
  0x00000133709dc198: 418b 510c | 4883 fa00 | 0f85 4700 | 0000 498b | d10f 1f40 | 0048 b8ff | ffff ffff 

  0x00000133709dc1b4: ;   {virtual_call}
  0x00000133709dc1b4: ffff ffe8 

  0x00000133709dc1b8: ; ImmutableOopMap {[160]=Oop [168]=Oop [144]=Oop [152]=Oop [232]=Oop }
                      ;*invokevirtual getInputStream {reexecute=0 rethrow=0 return_oop=0}
                      ; - jdk.internal.loader.Resource::cachedInputStream@9
                      ; - jdk.internal.loader.Resource::getByteBuffer@1
                      ; - jdk.internal.loader.BuiltinClassLoader::defineClass@45
  0x00000133709dc1b8: ac30 e5ff | 410f be57 | 3883 fa00 | 4c8b 8c24 | 9800 0000 | 0f85 6e03 | 0000 4c8b | d045 8951 
  0x00000133709dc1d8: 0c49 8bd1 | 4833 d048 | c1ea 1448 | 83fa 000f | 856f 0300 | 0041 8b51 | 0c48 8d84 | 24e0 0000 
  0x00000133709dc1f8: 0048 8b30 | 4885 f60f | 840f 0000 | 0048 8b78 | 08f0 480f | b137 0f85 | 6003 0000 | 4883 fa00 
  0x00000133709dc218: 0f84 3b00 

  0x00000133709dc21c: ;   {metadata('sun/nio/ByteBuffered')}
  0x00000133709dc21c: 0000 48b8 | 78a6 0200 | 0100 0000 | 8b5a 0848 | c1e3 0348 | 3b43 200f | 8425 0000 | 0048 3bd8 
  0x00000133709dc23c: 0f84 1c00 | 0000 5350 

  0x00000133709dc244: ;   {runtime_call slow_subtype_check Runtime1 stub}
  0x00000133709dc244: e8b7 aee4 | ff5b 5b83 | fb00 0f84 | 0500 0000 | e905 0000 | 0048 33f6 | eb0a 48be | 0100 0000 
  0x00000133709dc264: 0000 0000 | 83fe 000f | 8460 0000 | 0048 83fa | 000f 843b 

  0x00000133709dc278: ;   {metadata('sun/nio/ByteBuffered')}
  0x00000133709dc278: 0000 0048 | bb78 a602 | 0001 0000 | 008b 7a08 | 48c1 e703 | 483b 5f20 | 0f84 2000 | 0000 483b 
  0x00000133709dc298: fb0f 8417 | 0000 0057 

  0x00000133709dc2a0: ;   {runtime_call slow_subtype_check Runtime1 stub}
  0x00000133709dc2a0: 53e8 5aae | e4ff 5f5f | 83ff 000f | 84d9 0200 | 00e9 0000 | 0000 0f1f | 8000 0000 | 0048 b8ff 
  0x00000133709dc2c0: ffff ffff 

  0x00000133709dc2c4: ;   {virtual_call}
  0x00000133709dc2c4: ffff ffe8 

  0x00000133709dc2c8: ; ImmutableOopMap {[160]=Oop [168]=Oop [144]=Oop [152]=Oop }
                      ;*invokeinterface getByteBuffer {reexecute=0 rethrow=0 return_oop=0}
                      ; - jdk.internal.loader.Resource::getByteBuffer@16
                      ; - jdk.internal.loader.BuiltinClassLoader::defineClass@45
  0x00000133709dc2c8: b45d daff | e90a 0000 

  0x00000133709dc2d0: ;   {oop(NULL)}
  0x00000133709dc2d0: 0048 b800 | 0000 0000 | 0000 0048 | 83f8 000f | 84dd 0000 | 0048 8984 | 24b8 0000 | 0048 8b94 
  0x00000133709dc2f0: 2498 0000 | 0048 b8ff | ffff ffff 

  0x00000133709dc2fc: ;   {virtual_call}
  0x00000133709dc2fc: ffff ffe8 

  0x00000133709dc300: ; ImmutableOopMap {[160]=Oop [168]=Oop [144]=Oop [184]=Oop }
                      ;*invokevirtual getCodeSigners {reexecute=0 rethrow=0 return_oop=0}
                      ; - jdk.internal.loader.BuiltinClassLoader::defineClass@56
  0x00000133709dc300: 7c5d daff 

  0x00000133709dc304: ;   {metadata('java/security/CodeSource')}
  0x00000133709dc304: 4c8b c848 | ba68 1b05 | 0001 0000 | 0049 8b87 | 0801 0000 | 488d 7828 | 493b bf18 | 0100 000f 
  0x00000133709dc324: 876a 0200 | 0049 89bf | 0801 0000 | 48c7 0001 | 0000 0048 | 8bca 48c1 | e903 8948 | 0848 33c9 
  0x00000133709dc344: 8948 0c48 | 33c9 4889 | 4810 4889 | 4818 4889 | 4820 4c8b | 8424 a800 | 0000 488b | d048 8984 
  0x00000133709dc364: 24c0 0000 | 0066 0f1f 

  0x00000133709dc36c: ;   {optimized virtual_call}
  0x00000133709dc36c: 4400 00e8 

  0x00000133709dc370: ; ImmutableOopMap {[160]=Oop [144]=Oop [184]=Oop [192]=Oop }
                      ;*invokespecial <init> {reexecute=0 rethrow=0 return_oop=0}
                      ; - jdk.internal.loader.BuiltinClassLoader::defineClass@68
  0x00000133709dc370: 8c57 daff | 4c8b 8424 | c000 0000 | 488b 9424 | a000 0000 

  0x00000133709dc384: ;   {optimized virtual_call}
  0x00000133709dc384: 6666 90e8 

  0x00000133709dc388: ; ImmutableOopMap {[160]=Oop [144]=Oop [184]=Oop }
                      ;*invokevirtual getProtectionDomain {reexecute=0 rethrow=0 return_oop=0}
                      ; - java.security.SecureClassLoader::defineClass@5
                      ; - jdk.internal.loader.BuiltinClassLoader::defineClass@79
  0x00000133709dc388: 7457 daff | 4c8b 8424 | 9000 0000 | 4c8b 8c24 | b800 0000 | 488b f848 | 8b94 24a0 

  0x00000133709dc3a4: ;   {optimized virtual_call}
  0x00000133709dc3a4: 0000 00e8 

  0x00000133709dc3a8: ; ImmutableOopMap {}
                      ;*invokevirtual defineClass {reexecute=0 rethrow=0 return_oop=0}
                      ; - java.security.SecureClassLoader::defineClass@8
                      ; - jdk.internal.loader.BuiltinClassLoader::defineClass@79
  0x00000133709dc3a8: 5457 daff | 4881 c400 | 0100 005d 

  0x00000133709dc3b4: ;   {poll_return}
  0x00000133709dc3b4: 493b a750 | 0300 000f | 87df 0100 | 00c3 4c8b | 8c24 9800 | 0000 498b | d148 b8ff | ffff ffff 
  0x00000133709dc3d4: ;   {virtual_call}
  0x00000133709dc3d4: ffff ffe8 

  0x00000133709dc3d8: ; ImmutableOopMap {[160]=Oop [144]=Oop [152]=Oop [168]=Oop }
                      ;*invokevirtual getBytes {reexecute=0 rethrow=0 return_oop=0}
                      ; - jdk.internal.loader.BuiltinClassLoader::defineClass@84
  0x00000133709dc3d8: 34be 1300 | 4889 8424 | c800 0000 | 488b 9424 | 9800 0000 | 9048 b8ff | ffff ffff 

  0x00000133709dc3f4: ;   {virtual_call}
  0x00000133709dc3f4: ffff ffe8 

  0x00000133709dc3f8: ; ImmutableOopMap {[160]=Oop [144]=Oop [168]=Oop [200]=Oop }
                      ;*invokevirtual getCodeSigners {reexecute=0 rethrow=0 return_oop=0}
                      ; - jdk.internal.loader.BuiltinClassLoader::defineClass@90
  0x00000133709dc3f8: 3cc1 1300 

  0x00000133709dc3fc: ;   {metadata('java/security/CodeSource')}
  0x00000133709dc3fc: 4c8b c848 | ba68 1b05 | 0001 0000 | 0049 8b87 | 0801 0000 | 488d 7828 | 493b bf18 | 0100 000f 
  0x00000133709dc41c: 8795 0100 | 0049 89bf | 0801 0000 | 48c7 0001 | 0000 0048 | 8bca 48c1 | e903 8948 | 0848 33c9 
  0x00000133709dc43c: 8948 0c48 | 33c9 4889 | 4810 4889 | 4818 4889 | 4820 4c8b | 8424 a800 | 0000 488b | d048 8984 
  0x00000133709dc45c: 24d0 0000 | 0066 0f1f 

  0x00000133709dc464: ;   {optimized virtual_call}
  0x00000133709dc464: 4400 00e8 

  0x00000133709dc468: ; ImmutableOopMap {[160]=Oop [144]=Oop [200]=Oop [208]=Oop }
                      ;*invokespecial <init> {reexecute=0 rethrow=0 return_oop=0}
                      ; - jdk.internal.loader.BuiltinClassLoader::defineClass@102
  0x00000133709dc468: f4cc ffff | 488b 8424 | c800 0000 

  0x00000133709dc474: ; implicit exception: dispatches to 0x00000133709dc5c3
  0x00000133709dc474: 8b70 0c4c | 8b84 24d0 | 0000 0048 | 8b94 24a0 | 0000 0089 | b424 d800 

  0x00000133709dc48c: ;   {optimized virtual_call}
  0x00000133709dc48c: 0000 90e8 

  0x00000133709dc490: ; ImmutableOopMap {[160]=Oop [144]=Oop [200]=Oop }
                      ;*invokevirtual getProtectionDomain {reexecute=0 rethrow=0 return_oop=0}
                      ; - java.security.SecureClassLoader::defineClass@9
                      ; - jdk.internal.loader.BuiltinClassLoader::defineClass@117
  0x00000133709dc490: 4cc3 ffff | 4c8b 8424 | 9000 0000 | 4c8b 8c24 | c800 0000 | bf00 0000 | 008b b424 | d800 0000 
  0x00000133709dc4b0: 488b c848 | 8b94 24a0 | 0000 000f 

  0x00000133709dc4bc: ;   {optimized virtual_call}
  0x00000133709dc4bc: 1f40 00e8 

  0x00000133709dc4c0: ; ImmutableOopMap {}
                      ;*invokevirtual defineClass {reexecute=0 rethrow=0 return_oop=0}
                      ; - java.security.SecureClassLoader::defineClass@12
                      ; - jdk.internal.loader.BuiltinClassLoader::defineClass@117
  0x00000133709dc4c0: bcb2 ffff | 4881 c400 | 0100 005d 

  0x00000133709dc4cc: ;   {poll_return}
  0x00000133709dc4cc: 493b a750 | 0300 000f | 87ef 0000 | 00c3 498b | 87e0 0300 | 004d 33d2 | 4d89 97e0 | 0300 004d 
  0x00000133709dc4ec: 33d2 4d89 | 97e8 0300 | 0048 8bf0 | 488d 8424 | e000 0000 | 488b 3848 | 85ff 0f84 | 0f00 0000 
  0x00000133709dc50c: 488b 5808 | f048 0fb1 | 3b0f 85c3 | 0000 0048 | 8bc6 e9f0 

  0x00000133709dc520: ;   {runtime_call throw_null_pointer_exception Runtime1 stub}
  0x00000133709dc520: 0000 00e8 

  0x00000133709dc524: ; ImmutableOopMap {[152]=Oop [160]=Oop rax=Oop [168]=Oop r8=Oop [144]=Oop }
                      ;*invokevirtual lastIndexOf {reexecute=0 rethrow=0 return_oop=0}
                      ; - jdk.internal.loader.BuiltinClassLoader::defineClass@8
  0x00000133709dc524: f879 e4ff 

  0x00000133709dc528: ;   {runtime_call throw_null_pointer_exception Runtime1 stub}
  0x00000133709dc528: e8f3 79e4 

  0x00000133709dc52c: ; ImmutableOopMap {[152]=Oop [160]=Oop rax=Oop [168]=Oop r8=Oop [144]=Oop rsi=Oop }
                      ;*arraylength {reexecute=0 rethrow=0 return_oop=0}
                      ; - java.lang.String::length@4
                      ; - java.lang.String::lastIndexOf@3
                      ; - jdk.internal.loader.BuiltinClassLoader::defineClass@8
  0x00000133709dc52c: ff4c 894c | 2408 4889 

  0x00000133709dc534: ;   {runtime_call monitorenter_nofpu Runtime1 stub}
  0x00000133709dc534: 1424 e845 

  0x00000133709dc538: ; ImmutableOopMap {[160]=Oop [168]=Oop [144]=Oop r9=Oop [152]=Oop [232]=Oop }
                      ;*synchronization entry
                      ; - jdk.internal.loader.Resource::cachedInputStream@-1
                      ; - jdk.internal.loader.Resource::getByteBuffer@1
                      ; - jdk.internal.loader.BuiltinClassLoader::defineClass@45
  0x00000133709dc538: b2e4 ffe9 | 58fc ffff | 418b 510c | 4883 fa00 | 0f84 84fc | ffff 4889 

  0x00000133709dc550: ;   {runtime_call g1_pre_barrier_slow}
  0x00000133709dc550: 1424 e829 | e3e4 ffe9 | 76fc ffff | 4883 f800 | 0f84 87fc | ffff 4c89 

  0x00000133709dc568: ;   {runtime_call g1_post_barrier_slow}
  0x00000133709dc568: 0c24 e811 | e7e4 ffe9 | 79fc ffff | 488d 8424 | e000 0000 | 4889 0424 

  0x00000133709dc580: ;   {runtime_call monitorexit_nofpu Runtime1 stub}
  0x00000133709dc580: e87b b8e4 | ffe9 8afc | ffff 4889 

  0x00000133709dc58c: ;   {runtime_call throw_class_cast_exception Runtime1 stub}
  0x00000133709dc58c: 1424 e88d 

  0x00000133709dc590: ; ImmutableOopMap {[160]=Oop [168]=Oop [144]=Oop [152]=Oop }
                      ;*checkcast {reexecute=0 rethrow=0 return_oop=0}
                      ; - jdk.internal.loader.Resource::getByteBuffer@13
                      ; - jdk.internal.loader.BuiltinClassLoader::defineClass@45
  0x00000133709dc590: a5e4 ff48 

  0x00000133709dc594: ;   {runtime_call fast_new_instance Runtime1 stub}
  0x00000133709dc594: 8bd2 e865 

  0x00000133709dc598: ; ImmutableOopMap {[160]=Oop [168]=Oop [144]=Oop [184]=Oop r9=Oop }
                      ;*new {reexecute=0 rethrow=0 return_oop=0}
                      ; - jdk.internal.loader.BuiltinClassLoader::defineClass@61
  0x00000133709dc598: 84e4 ffe9 | b6fd ffff 

  0x00000133709dc5a0: ;   {internal_word}
  0x00000133709dc5a0: 49ba b4c3 | 9d70 3301 | 0000 4d89 | 9768 0300 

  0x00000133709dc5b0: ;   {runtime_call SafepointBlob}
  0x00000133709dc5b0: 00e9 cac9 | daff 488b 

  0x00000133709dc5b8: ;   {runtime_call fast_new_instance Runtime1 stub}
  0x00000133709dc5b8: d2e8 4284 

  0x00000133709dc5bc: ; ImmutableOopMap {[160]=Oop [144]=Oop [168]=Oop [200]=Oop r9=Oop }
                      ;*new {reexecute=0 rethrow=0 return_oop=0}
                      ; - jdk.internal.loader.BuiltinClassLoader::defineClass@95
  0x00000133709dc5bc: e4ff e98b 

  0x00000133709dc5c0: ;   {runtime_call throw_null_pointer_exception Runtime1 stub}
  0x00000133709dc5c0: feff ffe8 

  0x00000133709dc5c4: ; ImmutableOopMap {[160]=Oop [144]=Oop [208]=Oop rax=Oop [200]=Oop }
                      ;*arraylength {reexecute=0 rethrow=0 return_oop=0}
                      ; - jdk.internal.loader.BuiltinClassLoader::defineClass@114
  0x00000133709dc5c4: 5879 e4ff 

  0x00000133709dc5c8: ;   {internal_word}
  0x00000133709dc5c8: 49ba ccc4 | 9d70 3301 | 0000 4d89 | 9768 0300 

  0x00000133709dc5d8: ;   {runtime_call SafepointBlob}
  0x00000133709dc5d8: 00e9 a2c9 | daff 488d | 8424 e000 | 0000 4889 

  0x00000133709dc5e8: ;   {runtime_call monitorexit_nofpu Runtime1 stub}
  0x00000133709dc5e8: 0424 e811 | b8e4 ffe9 | 27ff ffff | 9090 498b | 87e0 0300 | 0049 c787 | e003 0000 | 0000 0000 
  0x00000133709dc608: 49c7 87e8 | 0300 0000 | 0000 0048 | 81c4 0001 

  0x00000133709dc618: ;   {runtime_call unwind_exception Runtime1 stub}
  0x00000133709dc618: 0000 5de9 | e069 e4ff 
[Stub Code]
  0x00000133709dc620: ;   {no_reloc}
  0x00000133709dc620: 0f1f 4400 

  0x00000133709dc624: ;   {static_stub}
  0x00000133709dc624: 0048 bb00 | 0000 0000 

  0x00000133709dc62c: ;   {runtime_call}
  0x00000133709dc62c: 0000 00e9 | fbff ffff 

  0x00000133709dc634: ;   {static_stub}
  0x00000133709dc634: 9048 bb00 | 0000 0000 

  0x00000133709dc63c: ;   {runtime_call}
  0x00000133709dc63c: 0000 00e9 | fbff ffff 

  0x00000133709dc644: ;   {static_stub}
  0x00000133709dc644: 9048 bb00 | 0000 0000 

  0x00000133709dc64c: ;   {runtime_call}
  0x00000133709dc64c: 0000 00e9 | fbff ffff 

  0x00000133709dc654: ;   {static_stub}
  0x00000133709dc654: 9048 bb00 | 0000 0000 

  0x00000133709dc65c: ;   {runtime_call}
  0x00000133709dc65c: 0000 00e9 | fbff ffff 

  0x00000133709dc664: ;   {static_stub}
  0x00000133709dc664: 9048 bb00 | 0000 0000 

  0x00000133709dc66c: ;   {runtime_call}
  0x00000133709dc66c: 0000 00e9 | fbff ffff 

  0x00000133709dc674: ;   {static_stub}
  0x00000133709dc674: 9048 bb00 | 0000 0000 

  0x00000133709dc67c: ;   {runtime_call}
  0x00000133709dc67c: 0000 00e9 | fbff ffff 

  0x00000133709dc684: ;   {static_stub}
  0x00000133709dc684: 9048 bb00 | 0000 0000 

  0x00000133709dc68c: ;   {runtime_call}
  0x00000133709dc68c: 0000 00e9 | fbff ffff 

  0x00000133709dc694: ;   {static_stub}
  0x00000133709dc694: 9048 bb00 | 0000 0000 

  0x00000133709dc69c: ;   {runtime_call}
  0x00000133709dc69c: 0000 00e9 | fbff ffff 

  0x00000133709dc6a4: ;   {static_stub}
  0x00000133709dc6a4: 9048 bb00 | 0000 0000 

  0x00000133709dc6ac: ;   {runtime_call}
  0x00000133709dc6ac: 0000 00e9 | fbff ffff 

  0x00000133709dc6b4: ;   {static_stub}
  0x00000133709dc6b4: 9048 bb00 | 0000 0000 

  0x00000133709dc6bc: ;   {runtime_call}
  0x00000133709dc6bc: 0000 00e9 | fbff ffff 

  0x00000133709dc6c4: ;   {static_stub}
  0x00000133709dc6c4: 9048 bb00 | 0000 0000 

  0x00000133709dc6cc: ;   {runtime_call}
  0x00000133709dc6cc: 0000 00e9 | fbff ffff 

  0x00000133709dc6d4: ;   {static_stub}
  0x00000133709dc6d4: 9048 bb00 | 0000 0000 

  0x00000133709dc6dc: ;   {runtime_call}
  0x00000133709dc6dc: 0000 00e9 | fbff ffff 

  0x00000133709dc6e4: ;   {static_stub}
  0x00000133709dc6e4: 9048 bb00 | 0000 0000 

  0x00000133709dc6ec: ;   {runtime_call}
  0x00000133709dc6ec: 0000 00e9 | fbff ffff 

  0x00000133709dc6f4: ;   {static_stub}
  0x00000133709dc6f4: 9048 bb00 | 0000 0000 

  0x00000133709dc6fc: ;   {runtime_call}
  0x00000133709dc6fc: 0000 00e9 | fbff ffff 

  0x00000133709dc704: ;   {static_stub}
  0x00000133709dc704: 9048 bb00 | 0000 0000 

  0x00000133709dc70c: ;   {runtime_call}
  0x00000133709dc70c: 0000 00e9 | fbff ffff 

  0x00000133709dc714: ;   {static_stub}
  0x00000133709dc714: 9048 bb00 | 0000 0000 

  0x00000133709dc71c: ;   {runtime_call}
  0x00000133709dc71c: 0000 00e9 | fbff ffff 

  0x00000133709dc724: ;   {static_stub}
  0x00000133709dc724: 9048 bb00 | 0000 0000 

  0x00000133709dc72c: ;   {runtime_call}
  0x00000133709dc72c: 0000 00e9 | fbff ffff 
[Exception Handler]
  0x00000133709dc734: ;   {runtime_call handle_exception_from_callee Runtime1 stub}
  0x00000133709dc734: e8c7 9de4 

  0x00000133709dc738: ;   {external_word}
  0x00000133709dc738: ff48 b940 | 9a41 49fd | 7f00 0048 

  0x00000133709dc744: ;   {runtime_call}
  0x00000133709dc744: 83e4 f049 | ba60 2f0a | 49fd 7f00 | 0041 ffd2 

  0x00000133709dc754: ;   {section_word}
  0x00000133709dc754: f449 ba55 | c79d 7033 | 0100 0041 

  0x00000133709dc760: ;   {runtime_call DeoptimizationBlob}
  0x00000133709dc760: 52e9 badc | daff f4f4 
[/MachCode]


---------------  P R O C E S S  ---------------

Threads class SMR info:
_java_thread_list=0x000001337e0df5e0, length=13, elements={
0x000001336dab2c80, 0x00000133788ad990, 0x00000133788aec00, 0x00000133788c2320,
0x00000133788c2bf0, 0x00000133788c34c0, 0x00000133788c7db0, 0x00000133788c8730,
0x00000133789f1830, 0x0000013378bfb010, 0x0000013378bfd7a0, 0x000001337d8d33d0,
0x000001337da37540
}

Java Threads: ( => current thread )
=>0x000001336dab2c80 JavaThread "main" [_thread_in_vm, id=40108, stack(0x00000016b0d00000,0x00000016b0e00000)]
  0x00000133788ad990 JavaThread "Reference Handler" daemon [_thread_blocked, id=41752, stack(0x00000016b1400000,0x00000016b1500000)]
  0x00000133788aec00 JavaThread "Finalizer" daemon [_thread_blocked, id=41008, stack(0x00000016b1500000,0x00000016b1600000)]
  0x00000133788c2320 JavaThread "Signal Dispatcher" daemon [_thread_blocked, id=40992, stack(0x00000016b1600000,0x00000016b1700000)]
  0x00000133788c2bf0 JavaThread "Attach Listener" daemon [_thread_blocked, id=36712, stack(0x00000016b1700000,0x00000016b1800000)]
  0x00000133788c34c0 JavaThread "Service Thread" daemon [_thread_blocked, id=41136, stack(0x00000016b1800000,0x00000016b1900000)]
  0x00000133788c7db0 JavaThread "Monitor Deflation Thread" daemon [_thread_blocked, id=39744, stack(0x00000016b1900000,0x00000016b1a00000)]
  0x00000133788c8730 JavaThread "C1 CompilerThread0" daemon [_thread_blocked, id=10864, stack(0x00000016b1a00000,0x00000016b1b00000)]
  0x00000133789f1830 JavaThread "Sweeper thread" daemon [_thread_blocked, id=39224, stack(0x00000016b1b00000,0x00000016b1c00000)]
  0x0000013378bfb010 JavaThread "Notification Thread" daemon [_thread_blocked, id=38604, stack(0x00000016b1c00000,0x00000016b1d00000)]
  0x0000013378bfd7a0 JavaThread "Common-Cleaner" daemon [_thread_blocked, id=41352, stack(0x00000016b1e00000,0x00000016b1f00000)]
  0x000001337d8d33d0 JavaThread "C1 CompilerThread1" daemon [_thread_blocked, id=11524, stack(0x00000016b2400000,0x00000016b2500000)]
  0x000001337da37540 JavaThread "C1 CompilerThread2" daemon [_thread_blocked, id=41700, stack(0x00000016b2600000,0x00000016b2700000)]

Other Threads:
  0x000001337885b010 VMThread "VM Thread" [stack: 0x00000016b1300000,0x00000016b1400000] [id=41236]
  0x0000013378bfb4f0 WatcherThread [stack: 0x00000016b1d00000,0x00000016b1e00000] [id=39968]
  0x000001336daefdb0 GCTaskThread "GC Thread#0" [stack: 0x00000016b0e00000,0x00000016b0f00000] [id=41852]
  0x000001337d160180 GCTaskThread "GC Thread#1" [stack: 0x00000016b1f00000,0x00000016b2000000] [id=41336]
  0x000001337d160440 GCTaskThread "GC Thread#2" [stack: 0x00000016b2000000,0x00000016b2100000] [id=41032]
  0x0000013378a5ef00 GCTaskThread "GC Thread#3" [stack: 0x00000016b2100000,0x00000016b2200000] [id=28412]
  0x000001337d7e8cb0 GCTaskThread "GC Thread#4" [stack: 0x00000016b2200000,0x00000016b2300000] [id=40568]
  0x000001337d5c3bd0 GCTaskThread "GC Thread#5" [stack: 0x00000016b2300000,0x00000016b2400000] [id=41964]
  0x000001337dcc9a30 GCTaskThread "GC Thread#6" [stack: 0x00000016b2800000,0x00000016b2900000] [id=39372]
  0x000001337dce88f0 GCTaskThread "GC Thread#7" [stack: 0x00000016b2900000,0x00000016b2a00000] [id=24596]
  0x000001336daf8c10 ConcurrentGCThread "G1 Main Marker" [stack: 0x00000016b0f00000,0x00000016b1000000] [id=41816]
  0x000001336dafa550 ConcurrentGCThread "G1 Conc#0" [stack: 0x00000016b1000000,0x00000016b1100000] [id=41760]
  0x000001337dcb4440 ConcurrentGCThread "G1 Conc#1" [stack: 0x00000016b2a00000,0x00000016b2b00000] [id=39424]
  0x000001336db4ec80 ConcurrentGCThread "G1 Refine#0" [stack: 0x00000016b1100000,0x00000016b1200000] [id=41092]
  0x0000013378706730 ConcurrentGCThread "G1 Service" [stack: 0x00000016b1200000,0x00000016b1300000] [id=41772]

Threads with active compile tasks:

VM state: not at safepoint (normal execution)

VM Mutex/Monitor currently owned by a thread:  ([mutex/lock_event])
[0x000001336b7fcdb0] Metaspace_lock - owner thread: 0x000001336dab2c80

Heap address: 0x00000000c0000000, size: 1024 MB, Compressed Oops mode: 32-bit

CDS archive(s) not mapped
Compressed class space mapped at: 0x0000000100000000-0x0000000140000000, reserved size: 1073741824
Narrow klass base: 0x0000000000000000, Narrow klass shift: 3, Narrow klass range: 0x140000000

GC Precious Log:
 CPUs: 8 total, 8 available
 Memory: 7975M
 Large Page Support: Disabled
 NUMA Support: Disabled
 Compressed Oops: Enabled (32-bit)
 Heap Region Size: 1M
 Heap Min Capacity: 8M
 Heap Initial Capacity: 126M
 Heap Max Capacity: 1G
 Pre-touch: Disabled
 Parallel Workers: 8
 Concurrent Workers: 2
 Concurrent Refinement Workers: 8
 Periodic GC: Disabled

Heap:
 garbage-first heap   total 75776K, used 37718K [0x00000000c0000000, 0x0000000100000000)
  region size 1024K, 18 young (18432K), 4 survivors (4096K)
 Metaspace       used 34087K, committed 34368K, reserved 1114112K
  class space    used 4353K, committed 4480K, reserved 1048576K

Heap Regions: E=young(eden), S=young(survivor), O=old, HS=humongous(starts), HC=humongous(continues), CS=collection set, F=free, OA=open archive, CA=closed archive, TAMS=top-at-mark-start (previous, next)
|   0|0x00000000c0000000, 0x00000000c0100000, 0x00000000c0100000|100%|HS|  |TAMS 0x00000000c0100000, 0x00000000c0000000| Complete 
|   1|0x00000000c0100000, 0x00000000c0200000, 0x00000000c0200000|100%|HC|  |TAMS 0x00000000c0200000, 0x00000000c0100000| Complete 
|   2|0x00000000c0200000, 0x00000000c0300000, 0x00000000c0300000|100%|HC|  |TAMS 0x00000000c0300000, 0x00000000c0200000| Complete 
|   3|0x00000000c0300000, 0x00000000c0400000, 0x00000000c0400000|100%|HC|  |TAMS 0x00000000c0400000, 0x00000000c0300000| Complete 
|   4|0x00000000c0400000, 0x00000000c0500000, 0x00000000c0500000|100%| O|  |TAMS 0x00000000c0500000, 0x00000000c0400000| Untracked 
|   5|0x00000000c0500000, 0x00000000c0600000, 0x00000000c0600000|100%| O|  |TAMS 0x00000000c0600000, 0x00000000c0500000| Untracked 
|   6|0x00000000c0600000, 0x00000000c0700000, 0x00000000c0700000|100%| O|  |TAMS 0x00000000c0700000, 0x00000000c0600000| Untracked 
|   7|0x00000000c0700000, 0x00000000c0800000, 0x00000000c0800000|100%| O|  |TAMS 0x00000000c0800000, 0x00000000c0700000| Untracked 
|   8|0x00000000c0800000, 0x00000000c0900000, 0x00000000c0900000|100%| O|  |TAMS 0x00000000c0900000, 0x00000000c0800000| Untracked 
|   9|0x00000000c0900000, 0x00000000c0a00000, 0x00000000c0a00000|100%| O|  |TAMS 0x00000000c0a00000, 0x00000000c0900000| Untracked 
|  10|0x00000000c0a00000, 0x00000000c0b00000, 0x00000000c0b00000|100%| O|  |TAMS 0x00000000c0b00000, 0x00000000c0a00000| Untracked 
|  11|0x00000000c0b00000, 0x00000000c0c00000, 0x00000000c0c00000|100%| O|  |TAMS 0x00000000c0c00000, 0x00000000c0b00000| Untracked 
|  12|0x00000000c0c00000, 0x00000000c0d00000, 0x00000000c0d00000|100%| O|  |TAMS 0x00000000c0d00000, 0x00000000c0c00000| Untracked 
|  13|0x00000000c0d00000, 0x00000000c0daf400, 0x00000000c0e00000| 68%| O|  |TAMS 0x00000000c0daf400, 0x00000000c0d00000| Untracked 
|  14|0x00000000c0e00000, 0x00000000c0f00000, 0x00000000c0f00000|100%| O|  |TAMS 0x00000000c0e00000, 0x00000000c0e00000| Untracked 
|  15|0x00000000c0f00000, 0x00000000c1000000, 0x00000000c1000000|100%| O|  |TAMS 0x00000000c0f00000, 0x00000000c0f00000| Untracked 
|  16|0x00000000c1000000, 0x00000000c1100000, 0x00000000c1100000|100%| O|  |TAMS 0x00000000c1000000, 0x00000000c1000000| Untracked 
|  17|0x00000000c1100000, 0x00000000c1200000, 0x00000000c1200000|100%| O|  |TAMS 0x00000000c1100000, 0x00000000c1100000| Untracked 
|  18|0x00000000c1200000, 0x00000000c1300000, 0x00000000c1300000|100%| O|  |TAMS 0x00000000c1200000, 0x00000000c1200000| Untracked 
|  19|0x00000000c1300000, 0x00000000c1400000, 0x00000000c1400000|100%| O|  |TAMS 0x00000000c1300000, 0x00000000c1300000| Untracked 
|  20|0x00000000c1400000, 0x00000000c1500000, 0x00000000c1500000|100%| O|  |TAMS 0x00000000c1400000, 0x00000000c1400000| Untracked 
|  21|0x00000000c1500000, 0x00000000c15a6e00, 0x00000000c1600000| 65%| O|  |TAMS 0x00000000c1500000, 0x00000000c1500000| Untracked 
|  22|0x00000000c1600000, 0x00000000c1600000, 0x00000000c1700000|  0%| F|  |TAMS 0x00000000c1600000, 0x00000000c1600000| Untracked 
|  23|0x00000000c1700000, 0x00000000c1700000, 0x00000000c1800000|  0%| F|  |TAMS 0x00000000c1700000, 0x00000000c1700000| Untracked 
|  24|0x00000000c1800000, 0x00000000c1800000, 0x00000000c1900000|  0%| F|  |TAMS 0x00000000c1800000, 0x00000000c1800000| Untracked 
|  25|0x00000000c1900000, 0x00000000c1900000, 0x00000000c1a00000|  0%| F|  |TAMS 0x00000000c1900000, 0x00000000c1900000| Untracked 
|  26|0x00000000c1a00000, 0x00000000c1a00000, 0x00000000c1b00000|  0%| F|  |TAMS 0x00000000c1a00000, 0x00000000c1a00000| Untracked 
|  27|0x00000000c1b00000, 0x00000000c1b00000, 0x00000000c1c00000|  0%| F|  |TAMS 0x00000000c1b00000, 0x00000000c1b00000| Untracked 
|  28|0x00000000c1c00000, 0x00000000c1c00000, 0x00000000c1d00000|  0%| F|  |TAMS 0x00000000c1c00000, 0x00000000c1c00000| Untracked 
|  29|0x00000000c1d00000, 0x00000000c1d00000, 0x00000000c1e00000|  0%| F|  |TAMS 0x00000000c1d00000, 0x00000000c1d00000| Untracked 
|  30|0x00000000c1e00000, 0x00000000c1e00000, 0x00000000c1f00000|  0%| F|  |TAMS 0x00000000c1e00000, 0x00000000c1e00000| Untracked 
|  31|0x00000000c1f00000, 0x00000000c1f00000, 0x00000000c2000000|  0%| F|  |TAMS 0x00000000c1f00000, 0x00000000c1f00000| Untracked 
|  32|0x00000000c2000000, 0x00000000c2000000, 0x00000000c2100000|  0%| F|  |TAMS 0x00000000c2000000, 0x00000000c2000000| Untracked 
|  33|0x00000000c2100000, 0x00000000c2100000, 0x00000000c2200000|  0%| F|  |TAMS 0x00000000c2100000, 0x00000000c2100000| Untracked 
|  34|0x00000000c2200000, 0x00000000c2200000, 0x00000000c2300000|  0%| F|  |TAMS 0x00000000c2200000, 0x00000000c2200000| Untracked 
|  35|0x00000000c2300000, 0x00000000c2300000, 0x00000000c2400000|  0%| F|  |TAMS 0x00000000c2300000, 0x00000000c2300000| Untracked 
|  36|0x00000000c2400000, 0x00000000c2400000, 0x00000000c2500000|  0%| F|  |TAMS 0x00000000c2400000, 0x00000000c2400000| Untracked 
|  37|0x00000000c2500000, 0x00000000c2500000, 0x00000000c2600000|  0%| F|  |TAMS 0x00000000c2500000, 0x00000000c2500000| Untracked 
|  38|0x00000000c2600000, 0x00000000c2600000, 0x00000000c2700000|  0%| F|  |TAMS 0x00000000c2600000, 0x00000000c2600000| Untracked 
|  39|0x00000000c2700000, 0x00000000c2700000, 0x00000000c2800000|  0%| F|  |TAMS 0x00000000c2700000, 0x00000000c2700000| Untracked 
|  40|0x00000000c2800000, 0x00000000c2800000, 0x00000000c2900000|  0%| F|  |TAMS 0x00000000c2800000, 0x00000000c2800000| Untracked 
|  41|0x00000000c2900000, 0x00000000c2900000, 0x00000000c2a00000|  0%| F|  |TAMS 0x00000000c2900000, 0x00000000c2900000| Untracked 
|  42|0x00000000c2a00000, 0x00000000c2a00000, 0x00000000c2b00000|  0%| F|  |TAMS 0x00000000c2a00000, 0x00000000c2a00000| Untracked 
|  43|0x00000000c2b00000, 0x00000000c2b00000, 0x00000000c2c00000|  0%| F|  |TAMS 0x00000000c2b00000, 0x00000000c2b00000| Untracked 
|  44|0x00000000c2c00000, 0x00000000c2c7f620, 0x00000000c2d00000| 49%| S|CS|TAMS 0x00000000c2c00000, 0x00000000c2c00000| Complete 
|  45|0x00000000c2d00000, 0x00000000c2e00000, 0x00000000c2e00000|100%| S|CS|TAMS 0x00000000c2d00000, 0x00000000c2d00000| Complete 
|  46|0x00000000c2e00000, 0x00000000c2f00000, 0x00000000c2f00000|100%| S|CS|TAMS 0x00000000c2e00000, 0x00000000c2e00000| Complete 
|  47|0x00000000c2f00000, 0x00000000c3000000, 0x00000000c3000000|100%| S|CS|TAMS 0x00000000c2f00000, 0x00000000c2f00000| Complete 
|  48|0x00000000c3000000, 0x00000000c3000000, 0x00000000c3100000|  0%| F|  |TAMS 0x00000000c3000000, 0x00000000c3000000| Untracked 
|  49|0x00000000c3100000, 0x00000000c3100000, 0x00000000c3200000|  0%| F|  |TAMS 0x00000000c3100000, 0x00000000c3100000| Untracked 
|  50|0x00000000c3200000, 0x00000000c3200000, 0x00000000c3300000|  0%| F|  |TAMS 0x00000000c3200000, 0x00000000c3200000| Untracked 
|  51|0x00000000c3300000, 0x00000000c3300000, 0x00000000c3400000|  0%| F|  |TAMS 0x00000000c3300000, 0x00000000c3300000| Untracked 
|  52|0x00000000c3400000, 0x00000000c3400000, 0x00000000c3500000|  0%| F|  |TAMS 0x00000000c3400000, 0x00000000c3400000| Untracked 
|  53|0x00000000c3500000, 0x00000000c3500000, 0x00000000c3600000|  0%| F|  |TAMS 0x00000000c3500000, 0x00000000c3500000| Untracked 
|  54|0x00000000c3600000, 0x00000000c3600000, 0x00000000c3700000|  0%| F|  |TAMS 0x00000000c3600000, 0x00000000c3600000| Untracked 
|  55|0x00000000c3700000, 0x00000000c3700000, 0x00000000c3800000|  0%| F|  |TAMS 0x00000000c3700000, 0x00000000c3700000| Untracked 
|  56|0x00000000c3800000, 0x00000000c3800000, 0x00000000c3900000|  0%| F|  |TAMS 0x00000000c3800000, 0x00000000c3800000| Untracked 
|  57|0x00000000c3900000, 0x00000000c3900000, 0x00000000c3a00000|  0%| F|  |TAMS 0x00000000c3900000, 0x00000000c3900000| Untracked 
|  58|0x00000000c3a00000, 0x00000000c3a00000, 0x00000000c3b00000|  0%| F|  |TAMS 0x00000000c3a00000, 0x00000000c3a00000| Untracked 
|  59|0x00000000c3b00000, 0x00000000c3b00000, 0x00000000c3c00000|  0%| F|  |TAMS 0x00000000c3b00000, 0x00000000c3b00000| Untracked 
|  60|0x00000000c3c00000, 0x00000000c3ce92b0, 0x00000000c3d00000| 91%| E|  |TAMS 0x00000000c3c00000, 0x00000000c3c00000| Complete 
|  61|0x00000000c3d00000, 0x00000000c3e00000, 0x00000000c3e00000|100%| E|CS|TAMS 0x00000000c3d00000, 0x00000000c3d00000| Complete 
|  62|0x00000000c3e00000, 0x00000000c3f00000, 0x00000000c3f00000|100%| E|CS|TAMS 0x00000000c3e00000, 0x00000000c3e00000| Complete 
|  63|0x00000000c3f00000, 0x00000000c4000000, 0x00000000c4000000|100%| E|CS|TAMS 0x00000000c3f00000, 0x00000000c3f00000| Complete 
|  64|0x00000000c4000000, 0x00000000c4100000, 0x00000000c4100000|100%| E|CS|TAMS 0x00000000c4000000, 0x00000000c4000000| Complete 
|  65|0x00000000c4100000, 0x00000000c4200000, 0x00000000c4200000|100%| E|CS|TAMS 0x00000000c4100000, 0x00000000c4100000| Complete 
|  85|0x00000000c5500000, 0x00000000c5600000, 0x00000000c5600000|100%| E|CS|TAMS 0x00000000c5500000, 0x00000000c5500000| Complete 
|  86|0x00000000c5600000, 0x00000000c5700000, 0x00000000c5700000|100%| E|  |TAMS 0x00000000c5600000, 0x00000000c5600000| Complete 
|  87|0x00000000c5700000, 0x00000000c5800000, 0x00000000c5800000|100%| E|CS|TAMS 0x00000000c5700000, 0x00000000c5700000| Complete 
|  88|0x00000000c5800000, 0x00000000c5900000, 0x00000000c5900000|100%| E|CS|TAMS 0x00000000c5800000, 0x00000000c5800000| Complete 
|  89|0x00000000c5900000, 0x00000000c5a00000, 0x00000000c5a00000|100%| E|CS|TAMS 0x00000000c5900000, 0x00000000c5900000| Complete 
| 123|0x00000000c7b00000, 0x00000000c7c00000, 0x00000000c7c00000|100%| E|CS|TAMS 0x00000000c7b00000, 0x00000000c7b00000| Complete 
| 124|0x00000000c7c00000, 0x00000000c7d00000, 0x00000000c7d00000|100%| E|CS|TAMS 0x00000000c7c00000, 0x00000000c7c00000| Complete 
| 125|0x00000000c7d00000, 0x00000000c7e00000, 0x00000000c7e00000|100%| E|CS|TAMS 0x00000000c7d00000, 0x00000000c7d00000| Complete 

Card table byte_map: [0x0000013373a40000,0x0000013373c40000] _byte_map_base: 0x0000013373440000

Marking Bits (Prev, Next): (CMBitMap*) 0x000001336daf02e0, (CMBitMap*) 0x000001336daf0320
 Prev Bits: [0x0000013373e40000, 0x0000013374e40000)
 Next Bits: [0x0000013374e40000, 0x0000013375e40000)

Polling page: 0x000001336b9e0000

Metaspace:

Usage:
  Non-class:     29.04 MB used.
      Class:      4.25 MB used.
       Both:     33.29 MB used.

Virtual space:
  Non-class space:       64.00 MB reserved,      29.19 MB ( 46%) committed,  1 nodes.
      Class space:        1.00 GB reserved,       4.38 MB ( <1%) committed,  1 nodes.
             Both:        1.06 GB reserved,      33.56 MB (  3%) committed. 

Chunk freelists:
   Non-Class:  2.73 MB
       Class:  11.45 MB
        Both:  14.19 MB

MaxMetaspaceSize: unlimited
CompressedClassSpaceSize: 1.00 GB
Initial GC threshold: 21.00 MB
Current GC threshold: 46.06 MB
CDS: off
MetaspaceReclaimPolicy: balanced
 - commit_granule_bytes: 65536.
 - commit_granule_words: 8192.
 - virtual_space_node_default_size: 8388608.
 - enlarge_chunks_in_place: 1.
 - new_chunks_are_fully_committed: 0.
 - uncommit_free_chunks: 1.
 - use_allocation_guard: 0.
 - handle_deallocations: 1.


Internal statistics:

num_allocs_failed_limit: 8.
num_arena_births: 432.
num_arena_deaths: 16.
num_vsnodes_births: 2.
num_vsnodes_deaths: 0.
num_space_committed: 537.
num_space_uncommitted: 0.
num_chunks_returned_to_freelist: 25.
num_chunks_taken_from_freelist: 1377.
num_chunk_merges: 12.
num_chunk_splits: 967.
num_chunks_enlarged: 732.
num_inconsistent_stats: 0.

CodeCache: size=49152Kb used=7119Kb max_used=7313Kb free=42032Kb
 bounds [0x0000013370730000, 0x0000013370e60000, 0x0000013373730000]
 total_blobs=3717 nmethods=3183 adapters=458
 compilation: enabled
              stopped_count=0, restarted_count=0
 full_count=0

Compilation events (20 events):
Event: 59.008 Thread 0x000001337d8d33d0 3174       1       org.springframework.beans.factory.support.AbstractBeanFactory::getBeanPostProcessors (5 bytes)
Event: 59.008 Thread 0x000001337d8d33d0 nmethod 3174 0x0000013370dc4210 code [0x0000013370dc43a0, 0x0000013370dc4478]
Event: 59.009 Thread 0x000001337d8d33d0 3175       1       java.lang.invoke.DirectMethodHandle$Holder::newInvokeSpecial (21 bytes)
Event: 59.009 Thread 0x000001337d8d33d0 nmethod 3175 0x0000013370dc3d90 code [0x0000013370dc3f40, 0x0000013370dc40c8]
Event: 59.009 Thread 0x000001337da37540 3176       1       java.util.ArrayList::addAll (111 bytes)
Event: 59.010 Thread 0x000001337da37540 nmethod 3176 0x0000013370dc3490 code [0x0000013370dc3680, 0x0000013370dc3b58]
Event: 59.067 Thread 0x000001337d8d33d0 3177   !   1       org.springframework.util.ReflectionUtils::getDeclaredMethods (183 bytes)
Event: 59.068 Thread 0x000001337da37540 3178       1       org.springframework.core.OrderComparator::getOrder (111 bytes)
Event: 59.069 Thread 0x000001337d8d33d0 nmethod 3177 0x0000013370dc1990 code [0x0000013370dc1c60, 0x0000013370dc2608]
Event: 59.069 Thread 0x000001337da37540 nmethod 3178 0x0000013370dc1190 code [0x0000013370dc13a0, 0x0000013370dc16f8]
Event: 59.069 Thread 0x000001337da37540 3179       1       org.springframework.core.OrderComparator::getOrder (22 bytes)
Event: 59.069 Thread 0x000001337da37540 nmethod 3179 0x0000013370dc0e10 code [0x0000013370dc0fc0, 0x0000013370dc10e8]
Event: 59.095 Thread 0x00000133788c8730 3180       1       java.lang.invoke.MemberName::getFactory (4 bytes)
Event: 59.095 Thread 0x00000133788c8730 nmethod 3180 0x0000013370dc0210 code [0x0000013370dc03a0, 0x0000013370dc0458]
Event: 59.227 Thread 0x00000133788c8730 3181   !   1       java.util.concurrent.CopyOnWriteArrayList::add (46 bytes)
Event: 59.227 Thread 0x00000133788c8730 nmethod 3181 0x0000013370dbf790 code [0x0000013370dbf940, 0x0000013370dbfc88]
Event: 59.230 Thread 0x000001337d8d33d0 3182   !   1       org.springframework.beans.factory.support.AbstractBeanFactory::adaptBeanInstance (98 bytes)
Event: 59.230 Thread 0x00000133788c8730 3183       1       org.springframework.beans.factory.support.DefaultSingletonBeanRegistry::getSingleton (7 bytes)
Event: 59.230 Thread 0x00000133788c8730 nmethod 3183 0x0000013370dbf490 code [0x0000013370dbf620, 0x0000013370dbf708]
Event: 59.231 Thread 0x000001337d8d33d0 nmethod 3182 0x0000013370dbe590 code [0x0000013370dbe7e0, 0x0000013370dbef58]

GC Heap History (10 events):
Event: 40.625 GC heap before
{Heap before GC invocations=0 (full 0):
 garbage-first heap   total 129024K, used 26624K [0x00000000c0000000, 0x0000000100000000)
  region size 1024K, 23 young (23552K), 0 survivors (0K)
 Metaspace       used 8257K, committed 8384K, reserved 1114112K
  class space    used 927K, committed 1024K, reserved 1048576K
}
Event: 40.754 GC heap after
{Heap after GC invocations=1 (full 0):
 garbage-first heap   total 129024K, used 13957K [0x00000000c0000000, 0x0000000100000000)
  region size 1024K, 3 young (3072K), 3 survivors (3072K)
 Metaspace       used 8257K, committed 8384K, reserved 1114112K
  class space    used 927K, committed 1024K, reserved 1048576K
}
Event: 46.958 GC heap before
{Heap before GC invocations=1 (full 0):
 garbage-first heap   total 129024K, used 32389K [0x00000000c0000000, 0x0000000100000000)
  region size 1024K, 21 young (21504K), 3 survivors (3072K)
 Metaspace       used 13275K, committed 13504K, reserved 1114112K
  class space    used 1636K, committed 1728K, reserved 1048576K
}
Event: 46.966 GC heap after
{Heap after GC invocations=2 (full 0):
 garbage-first heap   total 129024K, used 15564K [0x00000000c0000000, 0x0000000100000000)
  region size 1024K, 2 young (2048K), 2 survivors (2048K)
 Metaspace       used 13275K, committed 13504K, reserved 1114112K
  class space    used 1636K, committed 1728K, reserved 1048576K
}
Event: 51.295 GC heap before
{Heap before GC invocations=2 (full 0):
 garbage-first heap   total 129024K, used 48332K [0x00000000c0000000, 0x0000000100000000)
  region size 1024K, 36 young (36864K), 2 survivors (2048K)
 Metaspace       used 21293K, committed 21504K, reserved 1114112K
  class space    used 2619K, committed 2752K, reserved 1048576K
}
Event: 51.303 GC heap after
{Heap after GC invocations=3 (full 0):
 garbage-first heap   total 129024K, used 18781K [0x00000000c0000000, 0x0000000100000000)
  region size 1024K, 5 young (5120K), 5 survivors (5120K)
 Metaspace       used 21293K, committed 21504K, reserved 1114112K
  class space    used 2619K, committed 2752K, reserved 1048576K
}
Event: 54.864 GC heap before
{Heap before GC invocations=4 (full 0):
 garbage-first heap   total 75776K, used 56669K [0x00000000c0000000, 0x0000000100000000)
  region size 1024K, 44 young (45056K), 5 survivors (5120K)
 Metaspace       used 27977K, committed 28224K, reserved 1114112K
  class space    used 3488K, committed 3584K, reserved 1048576K
}
Event: 54.881 GC heap after
{Heap after GC invocations=5 (full 0):
 garbage-first heap   total 75776K, used 22163K [0x00000000c0000000, 0x0000000100000000)
  region size 1024K, 4 young (4096K), 4 survivors (4096K)
 Metaspace       used 27977K, committed 28224K, reserved 1114112K
  class space    used 3488K, committed 3584K, reserved 1048576K
}
Event: 57.414 GC heap before
{Heap before GC invocations=6 (full 0):
 garbage-first heap   total 75776K, used 47763K [0x00000000c0000000, 0x0000000100000000)
  region size 1024K, 30 young (30720K), 4 survivors (4096K)
 Metaspace       used 31840K, committed 32256K, reserved 1114112K
  class space    used 4042K, committed 4224K, reserved 1048576K
}
Event: 57.429 GC heap after
{Heap after GC invocations=7 (full 0):
 garbage-first heap   total 75776K, used 25430K [0x00000000c0000000, 0x0000000100000000)
  region size 1024K, 4 young (4096K), 4 survivors (4096K)
 Metaspace       used 31840K, committed 32256K, reserved 1114112K
  class space    used 4042K, committed 4224K, reserved 1048576K
}

Dll operation events (6 events):
Event: 0.325 Loaded shared library c:\Users\maure\.vscode\extensions\redhat.java-1.25.1-win32-x64\jre\17.0.9-win32-x86_64\bin\java.dll
Event: 4.763 Loaded shared library C:\Users\maure\.vscode\extensions\redhat.java-1.25.1-win32-x64\jre\17.0.9-win32-x86_64\bin\net.dll
Event: 4.804 Loaded shared library C:\Users\maure\.vscode\extensions\redhat.java-1.25.1-win32-x64\jre\17.0.9-win32-x86_64\bin\nio.dll
Event: 6.041 Loaded shared library C:\Users\maure\.vscode\extensions\redhat.java-1.25.1-win32-x64\jre\17.0.9-win32-x86_64\bin\zip.dll
Event: 34.520 Loaded shared library C:\Users\maure\.vscode\extensions\redhat.java-1.25.1-win32-x64\jre\17.0.9-win32-x86_64\bin\jimage.dll
Event: 58.297 Loaded shared library c:\Users\maure\.vscode\extensions\redhat.java-1.25.1-win32-x64\jre\17.0.9-win32-x86_64\bin\verify.dll

Deoptimization events (4 events):
Event: 52.299 Thread 0x000001336dab2c80 DEOPT PACKING pc=0x0000013370d36219 sp=0x00000016b0dfd590
Event: 52.299 Thread 0x000001336dab2c80 DEOPT UNPACKING pc=0x000001337078ace3 sp=0x00000016b0dfca70 mode 3
Event: 54.836 Thread 0x000001336dab2c80 DEOPT PACKING pc=0x0000013370c6d155 sp=0x00000016b0dfebd0
Event: 54.836 Thread 0x000001336dab2c80 DEOPT UNPACKING pc=0x000001337078ace3 sp=0x00000016b0dfe078 mode 3

Classes unloaded (8 events):
Event: 54.889 Thread 0x000001337885b010 Unloading class 0x00000001000cac00 'java/lang/invoke/LambdaForm$MH+0x00000001000cac00'
Event: 54.889 Thread 0x000001337885b010 Unloading class 0x00000001000ca400 'java/lang/invoke/LambdaForm$MH+0x00000001000ca400'
Event: 54.889 Thread 0x000001337885b010 Unloading class 0x00000001000ca000 'java/lang/invoke/LambdaForm$MH+0x00000001000ca000'
Event: 54.889 Thread 0x000001337885b010 Unloading class 0x00000001000c9c00 'java/lang/invoke/LambdaForm$MH+0x00000001000c9c00'
Event: 54.889 Thread 0x000001337885b010 Unloading class 0x00000001000c9800 'java/lang/invoke/LambdaForm$MH+0x00000001000c9800'
Event: 54.889 Thread 0x000001337885b010 Unloading class 0x00000001000c9400 'java/lang/invoke/LambdaForm$MH+0x00000001000c9400'
Event: 54.889 Thread 0x000001337885b010 Unloading class 0x00000001000c8c00 'java/lang/invoke/LambdaForm$MH+0x00000001000c8c00'
Event: 54.889 Thread 0x000001337885b010 Unloading class 0x00000001000c8400 'java/lang/invoke/LambdaForm$MH+0x00000001000c8400'

Classes redefined (0 events):
No events

Internal exceptions (20 events):
Event: 55.462 Thread 0x000001336dab2c80 Exception <a 'java/lang/NoSuchMethodError'{0x00000000c57fff30}: 'java.lang.Object java.lang.invoke.Invokers$Holder.invoker(java.lang.Object, java.lang.Object, java.lang.Object, java.lang.Object, java.lang.Object, java.lang.Object, java.lang.Object, java.lang.Object, java.lang.Object, java.lang.Object, java.lang.Object, java.lang.Object, java.lang.Object, java.lang.Object)'> (0x00000000c57fff30) 
thrown [s\src\hotspot\share\interpreter\linkResolver.cpp, line 759]
Event: 55.462 Thread 0x000001336dab2c80 Exception <a 'java/lang/NoSuchMethodError'{0x00000000c5605bf0}: 'java.lang.Object java.lang.invoke.DirectMethodHandle$Holder.invokeSpecial(java.lang.Object, java.lang.Object, java.lang.Object, java.lang.Object, java.lang.Object, java.lang.Object, java.lang.Object, java.lang.Object, java.lang.Object, java.lang.Object, java.lang.Object, java.lang.Object, java.lang.Object, java.lang.Object, java.lang.Object)'> (0x00000000c5605bf0) 
thrown [s\src\hotspot\share\interpreter\linkResolver.cpp, line 759]
Event: 55.466 Thread 0x000001336dab2c80 Exception <a 'java/lang/NoSuchMethodError'{0x00000000c5615bc0}: 'int java.lang.invoke.DirectMethodHandle$Holder.invokeVirtual(java.lang.Object, java.lang.Object, java.lang.Object)'> (0x00000000c5615bc0) 
thrown [s\src\hotspot\share\interpreter\linkResolver.cpp, line 759]
Event: 55.466 Thread 0x000001336dab2c80 Exception <a 'java/lang/NoSuchMethodError'{0x00000000c561a060}: 'int java.lang.invoke.DirectMethodHandle$Holder.invokeStaticInit(java.lang.Object, int, int)'> (0x00000000c561a060) 
thrown [s\src\hotspot\share\interpreter\linkResolver.cpp, line 759]
Event: 55.471 Thread 0x000001336dab2c80 Exception <a 'java/lang/NoSuchMethodError'{0x00000000c5621948}: 'int java.lang.invoke.DirectMethodHandle$Holder.invokeStaticInit(java.lang.Object, long, long)'> (0x00000000c5621948) 
thrown [s\src\hotspot\share\interpreter\linkResolver.cpp, line 759]
Event: 55.473 Thread 0x000001336dab2c80 Exception <a 'java/lang/NoSuchMethodError'{0x00000000c5628798}: 'int java.lang.invoke.DirectMethodHandle$Holder.invokeStaticInit(java.lang.Object, float, float)'> (0x00000000c5628798) 
thrown [s\src\hotspot\share\interpreter\linkResolver.cpp, line 759]
Event: 55.473 Thread 0x000001336dab2c80 Exception <a 'java/lang/NoSuchMethodError'{0x00000000c562f5f0}: 'int java.lang.invoke.DirectMethodHandle$Holder.invokeStaticInit(java.lang.Object, double, double)'> (0x00000000c562f5f0) 
thrown [s\src\hotspot\share\interpreter\linkResolver.cpp, line 759]
Event: 55.474 Thread 0x000001336dab2c80 Exception <a 'java/lang/NoSuchMethodError'{0x00000000c5633bc0}: 'int java.lang.invoke.DirectMethodHandle$Holder.invokeStatic(java.lang.Object, long)'> (0x00000000c5633bc0) 
thrown [s\src\hotspot\share\interpreter\linkResolver.cpp, line 759]
Event: 55.483 Thread 0x000001336dab2c80 Exception <a 'java/lang/NoSuchMethodError'{0x00000000c56586e8}: 'int java.lang.invoke.DirectMethodHandle$Holder.invokeSpecial(java.lang.Object, java.lang.Object, int)'> (0x00000000c56586e8) 
thrown [s\src\hotspot\share\interpreter\linkResolver.cpp, line 759]
Event: 55.484 Thread 0x000001336dab2c80 Exception <a 'java/lang/NoSuchMethodError'{0x00000000c565ffe0}: 'int java.lang.invoke.Invokers$Holder.linkToTargetMethod(java.lang.Object, java.lang.Object)'> (0x00000000c565ffe0) 
thrown [s\src\hotspot\share\interpreter\linkResolver.cpp, line 759]
Event: 55.526 Thread 0x000001336dab2c80 Exception <a 'java/lang/NoSuchMethodError'{0x00000000c553fcd8}: 'java.lang.Object java.lang.invoke.DirectMethodHandle$Holder.invokeSpecial(java.lang.Object, java.lang.Object, java.lang.Object, java.lang.Object, java.lang.Object, java.lang.Object, java.lang.Object, java.lang.Object, java.lang.Object, java.lang.Object)'> (0x00000000c553fcd8) 
thrown [s\src\hotspot\share\interpreter\linkResolver.cpp, line 759]
Event: 55.527 Thread 0x000001336dab2c80 Exception <a 'java/lang/NoSuchMethodError'{0x00000000c55442c0}: 'java.lang.Object java.lang.invoke.Invokers$Holder.invoke_MT(java.lang.Object, java.lang.Object, java.lang.Object, java.lang.Object, java.lang.Object, java.lang.Object, java.lang.Object, java.lang.Object, java.lang.Object, java.lang.Object)'> (0x00000000c55442c0) 
thrown [s\src\hotspot\share\interpreter\linkResolver.cpp, line 759]
Event: 55.548 Thread 0x000001336dab2c80 Exception <a 'java/lang/NoSuchMethodError'{0x00000000c558a720}: 'java.lang.Object java.lang.invoke.DirectMethodHandle$Holder.invokeSpecial(java.lang.Object, java.lang.Object, int, java.lang.Object, java.lang.Object)'> (0x00000000c558a720) 
thrown [s\src\hotspot\share\interpreter\linkResolver.cpp, line 759]
Event: 55.548 Thread 0x000001336dab2c80 Exception <a 'java/lang/NoSuchMethodError'{0x00000000c558e3c8}: 'java.lang.Object java.lang.invoke.DelegatingMethodHandle$Holder.delegate(java.lang.Object, int, java.lang.Object, java.lang.Object)'> (0x00000000c558e3c8) 
thrown [s\src\hotspot\share\interpreter\linkResolver.cpp, line 759]
Event: 55.550 Thread 0x000001336dab2c80 Exception <a 'java/lang/NoSuchMethodError'{0x00000000c559f250}: 'int java.lang.invoke.Invokers$Holder.linkToTargetMethod(java.lang.Object, java.lang.Object, java.lang.Object)'> (0x00000000c559f250) 
thrown [s\src\hotspot\share\interpreter\linkResolver.cpp, line 759]
Event: 55.859 Thread 0x000001336dab2c80 Exception <a 'java/lang/NoSuchMethodError'{0x00000000c3d1cac0}: 'java.lang.Object java.lang.invoke.DirectMethodHandle$Holder.invokeStaticInit(java.lang.Object, int, int, int, int)'> (0x00000000c3d1cac0) 
thrown [s\src\hotspot\share\interpreter\linkResolver.cpp, line 759]
Event: 56.475 Thread 0x000001336dab2c80 Exception <a 'java/lang/NoSuchMethodError'{0x00000000c3c10d80}: 'java.lang.Object java.lang.invoke.DirectMethodHandle$Holder.invokeStaticInit(java.lang.Object, java.lang.Object, int, int, int, int)'> (0x00000000c3c10d80) 
thrown [s\src\hotspot\share\interpreter\linkResolver.cpp, line 759]
Event: 57.333 Thread 0x000001336dab2c80 Exception <a 'java/lang/NoSuchMethodError'{0x00000000c3415bc0}: 'void java.lang.invoke.DirectMethodHandle$Holder.invokeSpecialIFC(java.lang.Object, java.lang.Object, java.lang.Object)'> (0x00000000c3415bc0) 
thrown [s\src\hotspot\share\interpreter\linkResolver.cpp, line 759]
Event: 58.839 Thread 0x000001336dab2c80 Exception <a 'java/lang/NoSuchMethodError'{0x00000000c3e94ad0}: 'int java.lang.invoke.DirectMethodHandle$Holder.invokeStaticInit(java.lang.Object, java.lang.Object, int, java.lang.Object)'> (0x00000000c3e94ad0) 
thrown [s\src\hotspot\share\interpreter\linkResolver.cpp, line 759]
Event: 59.095 Thread 0x000001336dab2c80 Exception <a 'java/lang/NoSuchMethodError'{0x00000000c3da2c10}: 'void java.lang.invoke.DirectMethodHandle$Holder.invokeSpecial(java.lang.Object, java.lang.Object, java.lang.Object, java.lang.Object, java.lang.Object, java.lang.Object, java.lang.Object)'> (0x00000000c3da2c10) 
thrown [s\src\hotspot\share\interpreter\linkResolver.cpp, line 759]

VM Operations (20 events):
Event: 54.786 Executing VM operation: Cleanup
Event: 54.786 Executing VM operation: Cleanup done
Event: 54.864 Executing VM operation: G1CollectForAllocation
Event: 54.881 Executing VM operation: G1CollectForAllocation done
Event: 54.887 Executing VM operation: G1PauseRemark
Event: 54.896 Executing VM operation: G1PauseRemark done
Event: 54.900 Executing VM operation: G1PauseCleanup
Event: 54.913 Executing VM operation: G1PauseCleanup done
Event: 55.496 Executing VM operation: HandshakeAllThreads
Event: 55.496 Executing VM operation: HandshakeAllThreads done
Event: 55.813 Executing VM operation: HandshakeAllThreads
Event: 55.813 Executing VM operation: HandshakeAllThreads done
Event: 56.819 Executing VM operation: Cleanup
Event: 56.837 Executing VM operation: Cleanup done
Event: 57.414 Executing VM operation: G1CollectForAllocation
Event: 57.429 Executing VM operation: G1CollectForAllocation done
Event: 57.757 Executing VM operation: HandshakeAllThreads
Event: 57.757 Executing VM operation: HandshakeAllThreads done
Event: 58.764 Executing VM operation: Cleanup
Event: 58.765 Executing VM operation: Cleanup done

Events (20 events):
Event: 57.365 loading class java/util/concurrent/CancellationException
Event: 57.365 loading class java/util/concurrent/CancellationException done
Event: 57.522 loading class java/util/AbstractList$RandomAccessSpliterator
Event: 57.522 loading class java/util/AbstractList$RandomAccessSpliterator done
Event: 57.622 loading class java/util/regex/Pattern$Caret
Event: 57.622 loading class java/util/regex/Pattern$Caret done
Event: 57.672 loading class java/io/FileReader
Event: 57.672 loading class java/io/FileReader done
Event: 57.757 loading class java/util/concurrent/Executors$FinalizableDelegatedExecutorService
Event: 57.757 loading class java/util/concurrent/Executors$FinalizableDelegatedExecutorService done
Event: 57.790 loading class sun/reflect/generics/repository/FieldRepository
Event: 57.791 loading class sun/reflect/generics/repository/FieldRepository done
Event: 58.440 loading class org/w3c/dom/Node
Event: 58.440 loading class org/w3c/dom/Node done
Event: 58.444 loading class org/w3c/dom/Document
Event: 58.445 loading class org/w3c/dom/Document done
Event: 58.459 loading class java/io/StringWriter
Event: 58.459 loading class java/io/StringWriter done
Event: 59.096 loading class java/util/concurrent/CompletableFuture$UniAccept
Event: 59.096 loading class java/util/concurrent/CompletableFuture$UniAccept done


Dynamic libraries:
0x00007ff7b09e0000 - 0x00007ff7b09ee000 	c:\Users\maure\.vscode\extensions\redhat.java-1.25.1-win32-x64\jre\17.0.9-win32-x86_64\bin\java.exe
0x00007ffe0d930000 - 0x00007ffe0db47000 	C:\WINDOWS\SYSTEM32\ntdll.dll
0x00007ffe0c730000 - 0x00007ffe0c7f4000 	C:\WINDOWS\System32\KERNEL32.DLL
0x00007ffe0b210000 - 0x00007ffe0b5b5000 	C:\WINDOWS\System32\KERNELBASE.dll
0x00007ffe07b40000 - 0x00007ffe07bd7000 	C:\WINDOWS\SYSTEM32\apphelp.dll
0x00007ffe0af60000 - 0x00007ffe0b071000 	C:\WINDOWS\System32\ucrtbase.dll
0x00007ffdb7930000 - 0x00007ffdb794b000 	c:\Users\maure\.vscode\extensions\redhat.java-1.25.1-win32-x64\jre\17.0.9-win32-x86_64\bin\VCRUNTIME140.dll
0x00007ffdb3730000 - 0x00007ffdb3747000 	c:\Users\maure\.vscode\extensions\redhat.java-1.25.1-win32-x64\jre\17.0.9-win32-x86_64\bin\jli.dll
0x00007ffe0d520000 - 0x00007ffe0d6ce000 	C:\WINDOWS\System32\USER32.dll
0x00007ffdf0300000 - 0x00007ffdf0593000 	C:\WINDOWS\WinSxS\amd64_microsoft.windows.common-controls_6595b64144ccf1df_6.0.22621.2506_none_270c5ae97388e100\COMCTL32.dll
0x00007ffe0aeb0000 - 0x00007ffe0aed6000 	C:\WINDOWS\System32\win32u.dll
0x00007ffe0cb20000 - 0x00007ffe0cb49000 	C:\WINDOWS\System32\GDI32.dll
0x00007ffe0b080000 - 0x00007ffe0b199000 	C:\WINDOWS\System32\gdi32full.dll
0x00007ffe0ae10000 - 0x00007ffe0aeaa000 	C:\WINDOWS\System32\msvcp_win.dll
0x00007ffe0cc10000 - 0x00007ffe0ccb7000 	C:\WINDOWS\System32\msvcrt.dll
0x00007ffe0bb10000 - 0x00007ffe0bb41000 	C:\WINDOWS\System32\IMM32.DLL
0x00007ffdee5d0000 - 0x00007ffdee5dc000 	c:\Users\maure\.vscode\extensions\redhat.java-1.25.1-win32-x64\jre\17.0.9-win32-x86_64\bin\vcruntime140_1.dll
0x00007ffdaf9a0000 - 0x00007ffdafa2d000 	c:\Users\maure\.vscode\extensions\redhat.java-1.25.1-win32-x64\jre\17.0.9-win32-x86_64\bin\msvcp140.dll
0x00007ffd48af0000 - 0x00007ffd49751000 	c:\Users\maure\.vscode\extensions\redhat.java-1.25.1-win32-x64\jre\17.0.9-win32-x86_64\bin\server\jvm.dll
0x00007ffe0cb50000 - 0x00007ffe0cc01000 	C:\WINDOWS\System32\ADVAPI32.dll
0x00007ffe0ba60000 - 0x00007ffe0bb06000 	C:\WINDOWS\System32\sechost.dll
0x00007ffe0d7d0000 - 0x00007ffe0d8e7000 	C:\WINDOWS\System32\RPCRT4.dll
0x00007ffde6130000 - 0x00007ffde6139000 	C:\WINDOWS\SYSTEM32\WSOCK32.dll
0x00007ffe0c430000 - 0x00007ffe0c4a1000 	C:\WINDOWS\System32\WS2_32.dll
0x00007ffe0a510000 - 0x00007ffe0a55d000 	C:\WINDOWS\SYSTEM32\POWRPROF.dll
0x00007ffdeed30000 - 0x00007ffdeed3a000 	C:\WINDOWS\SYSTEM32\VERSION.dll
0x00007ffdfc960000 - 0x00007ffdfc994000 	C:\WINDOWS\SYSTEM32\WINMM.dll
0x00007ffe0a4e0000 - 0x00007ffe0a4f3000 	C:\WINDOWS\SYSTEM32\UMPDC.dll
0x00007ffe09c00000 - 0x00007ffe09c18000 	C:\WINDOWS\SYSTEM32\kernel.appcore.dll
0x00007ffdeb6f0000 - 0x00007ffdeb6fa000 	c:\Users\maure\.vscode\extensions\redhat.java-1.25.1-win32-x64\jre\17.0.9-win32-x86_64\bin\jimage.dll
0x00007ffe08580000 - 0x00007ffe087b3000 	C:\WINDOWS\SYSTEM32\DBGHELP.DLL
0x00007ffe0ccc0000 - 0x00007ffe0d049000 	C:\WINDOWS\System32\combase.dll
0x00007ffe0b7b0000 - 0x00007ffe0b887000 	C:\WINDOWS\System32\OLEAUT32.dll
0x00007ffddeda0000 - 0x00007ffddedd2000 	C:\WINDOWS\SYSTEM32\dbgcore.DLL
0x00007ffe0aee0000 - 0x00007ffe0af5a000 	C:\WINDOWS\System32\bcryptPrimitives.dll
0x00007ffdb3460000 - 0x00007ffdb3485000 	c:\Users\maure\.vscode\extensions\redhat.java-1.25.1-win32-x64\jre\17.0.9-win32-x86_64\bin\java.dll
0x00007ffdb3400000 - 0x00007ffdb3418000 	c:\Users\maure\.vscode\extensions\redhat.java-1.25.1-win32-x64\jre\17.0.9-win32-x86_64\bin\zip.dll
0x00007ffe0bbd0000 - 0x00007ffe0c429000 	C:\WINDOWS\System32\SHELL32.dll
0x00007ffe08b70000 - 0x00007ffe09464000 	C:\WINDOWS\SYSTEM32\windows.storage.dll
0x00007ffe08a30000 - 0x00007ffe08b6e000 	C:\WINDOWS\SYSTEM32\wintypes.dll
0x00007ffe0d6d0000 - 0x00007ffe0d7c3000 	C:\WINDOWS\System32\SHCORE.dll
0x00007ffe0b680000 - 0x00007ffe0b6de000 	C:\WINDOWS\System32\shlwapi.dll
0x00007ffe0abd0000 - 0x00007ffe0abf6000 	C:\WINDOWS\SYSTEM32\profapi.dll
0x00007ffdb1f40000 - 0x00007ffdb1f59000 	C:\Users\maure\.vscode\extensions\redhat.java-1.25.1-win32-x64\jre\17.0.9-win32-x86_64\bin\net.dll
0x00007ffe00080000 - 0x00007ffe001b7000 	C:\WINDOWS\SYSTEM32\WINHTTP.dll
0x00007ffe0a0d0000 - 0x00007ffe0a139000 	C:\WINDOWS\system32\mswsock.dll
0x00007ffdb1f20000 - 0x00007ffdb1f36000 	C:\Users\maure\.vscode\extensions\redhat.java-1.25.1-win32-x64\jre\17.0.9-win32-x86_64\bin\nio.dll
0x00007ffe0a490000 - 0x00007ffe0a4ab000 	C:\WINDOWS\SYSTEM32\CRYPTSP.dll
0x00007ffe09bc0000 - 0x00007ffe09bf5000 	C:\WINDOWS\system32\rsaenh.dll
0x00007ffe0a170000 - 0x00007ffe0a19c000 	C:\WINDOWS\SYSTEM32\USERENV.dll
0x00007ffe0a650000 - 0x00007ffe0a678000 	C:\WINDOWS\SYSTEM32\bcrypt.dll
0x00007ffe0a400000 - 0x00007ffe0a40c000 	C:\WINDOWS\SYSTEM32\CRYPTBASE.dll
0x00007ffe096d0000 - 0x00007ffe096fd000 	C:\WINDOWS\SYSTEM32\IPHLPAPI.DLL
0x00007ffe0ba40000 - 0x00007ffe0ba49000 	C:\WINDOWS\System32\NSI.dll
0x00007ffe00060000 - 0x00007ffe00079000 	C:\WINDOWS\SYSTEM32\dhcpcsvc6.DLL
0x00007ffdffdc0000 - 0x00007ffdffddf000 	C:\WINDOWS\SYSTEM32\dhcpcsvc.DLL
0x00007ffe09700000 - 0x00007ffe097f9000 	C:\WINDOWS\SYSTEM32\DNSAPI.dll
0x00007ffde9200000 - 0x00007ffde9210000 	c:\Users\maure\.vscode\extensions\redhat.java-1.25.1-win32-x64\jre\17.0.9-win32-x86_64\bin\verify.dll

dbghelp: loaded successfully - version: 4.0.5 - missing functions: none
symbol engine: initialized successfully - sym options: 0x614 - pdb path: .;c:\Users\maure\.vscode\extensions\redhat.java-1.25.1-win32-x64\jre\17.0.9-win32-x86_64\bin;C:\WINDOWS\SYSTEM32;C:\WINDOWS\WinSxS\amd64_microsoft.windows.common-controls_6595b64144ccf1df_6.0.22621.2506_none_270c5ae97388e100;c:\Users\maure\.vscode\extensions\redhat.java-1.25.1-win32-x64\jre\17.0.9-win32-x86_64\bin\server

VM Arguments:
jvm_args: -XX:+HeapDumpOnOutOfMemoryError -Xmx1024m -Dsts.lsp.client=vscode -Dsts.log.file=/dev/null -XX:TieredStopAtLevel=1 -Xlog:jni+resolve=off -Dspring.config.location=file:c:\Users\maure\.vscode\extensions\vmware.vscode-spring-boot-1.51.0\language-server\BOOT-INF\classes\application.properties 
java_command: org.springframework.ide.vscode.boot.app.BootLanguageServerBootApp
java_class_path (initial): c:\Users\maure\.vscode\extensions\vmware.vscode-spring-boot-1.51.0\language-server\BOOT-INF\classes;c:\Users\maure\.vscode\extensions\vmware.vscode-spring-boot-1.51.0\language-server\BOOT-INF\lib\annotations-24.1.0.jar;c:\Users\maure\.vscode\extensions\vmware.vscode-spring-boot-1.51.0\language-server\BOOT-INF\lib\antlr-runtime-3.5.3.jar;c:\Users\maure\.vscode\extensions\vmware.vscode-spring-boot-1.51.0\language-server\BOOT-INF\lib\antlr4-4.11.1.jar;c:\Users\maure\.vscode\extensions\vmware.vscode-spring-boot-1.51.0\language-server\BOOT-INF\lib\antlr4-runtime-4.11.1.jar;c:\Users\maure\.vscode\extensions\vmware.vscode-spring-boot-1.51.0\language-server\BOOT-INF\lib\asm-9.6.jar;c:\Users\maure\.vscode\extensions\vmware.vscode-spring-boot-1.51.0\language-server\BOOT-INF\lib\asm-analysis-9.6.jar;c:\Users\maure\.vscode\extensions\vmware.vscode-spring-boot-1.51.0\language-server\BOOT-INF\lib\asm-tree-9.6.jar;c:\Users\maure\.vscode\extensions\vmware.vscode-spring-boot-1.51.0\language-server\BOOT-INF\lib\asm-util-9.6.jar;c:\Users\maure\.vscode\extensions\vmware.vscode-spring-boot-1.51.0\language-server\BOOT-INF\lib\bosh-language-server-1.51.0-SNAPSHOT.jar;c:\Users\maure\.vscode\extensions\vmware.vscode-spring-boot-1.51.0\language-server\BOOT-INF\lib\caffeine-3.1.8.jar;c:\Users\maure\.vscode\extensions\vmware.vscode-spring-boot-1.51.0\language-server\BOOT-INF\lib\checker-qual-3.12.0.jar;c:\Users\maure\.vscode\extensions\vmware.vscode-spring-boot-1.51.0\language-server\BOOT-INF\lib\classgraph-4.8.149.jar;c:\Users\maure\.vscode\extensions\vmware.vscode-spring-boot-1.51.0\language-server\BOOT-INF\lib\commons-codec-1.15.jar;c:\Users\maure\.vscode\extensions\vmware.vscode-spring-boot-1.51.0\language-server\BOOT-INF\lib\commons-compress-1.25.0.jar;c:\Users\maure\.vscode\extensions\vmware.vscode-spring-boot-1.51.0\language-server\BOOT-INF\lib\commons-io-2.4.jar;c:\Users\maure\.vscode\extensions\vmware.vscode-spring-boot-1.51.0\language-server\BOOT-INF\lib\
Launcher Type: SUN_STANDARD

[Global flags]
     intx CICompilerCount                          = 4                                         {product} {ergonomic}
     uint ConcGCThreads                            = 2                                         {product} {ergonomic}
     uint G1ConcRefinementThreads                  = 8                                         {product} {ergonomic}
   size_t G1HeapRegionSize                         = 1048576                                   {product} {ergonomic}
    uintx GCDrainStackTargetSize                   = 64                                        {product} {ergonomic}
     bool HeapDumpOnOutOfMemoryError               = true                                   {manageable} {command line}
   size_t InitialHeapSize                          = 132120576                                 {product} {ergonomic}
   size_t MarkStackSize                            = 4194304                                   {product} {ergonomic}
   size_t MaxHeapSize                              = 1073741824                                {product} {command line}
   size_t MaxNewSize                               = 643825664                                 {product} {ergonomic}
   size_t MinHeapDeltaBytes                        = 1048576                                   {product} {ergonomic}
   size_t MinHeapSize                              = 8388608                                   {product} {ergonomic}
    uintx NonProfiledCodeHeapSize                  = 0                                      {pd product} {ergonomic}
     bool ProfileInterpreter                       = false                                  {pd product} {command line}
    uintx ProfiledCodeHeapSize                     = 0                                      {pd product} {ergonomic}
   size_t SoftMaxHeapSize                          = 1073741824                             {manageable} {ergonomic}
     intx TieredStopAtLevel                        = 1                                         {product} {command line}
     bool UseCompressedClassPointers               = true                           {product lp64_product} {ergonomic}
     bool UseCompressedOops                        = true                           {product lp64_product} {ergonomic}
     bool UseG1GC                                  = true                                      {product} {ergonomic}
     bool UseLargePagesIndividualAllocation        = false                                  {pd product} {ergonomic}

Logging:
Log output configuration:
 #0: stdout all=warning,jni+resolve=off uptime,level,tags
 #1: stderr all=off uptime,level,tags

Environment Variables:
JAVA_HOME=C:\Program Files\Java\jdk-17
PATH=C:\Program Files\Java\jdk-17\bin;C:\WINDOWS\system32;C:\WINDOWS;C:\WINDOWS\System32\Wbem;C:\WINDOWS\System32\WindowsPowerShell\v1.0\;C:\WINDOWS\System32\OpenSSH\;C:\Program Files\PuTTY\;C:\Program Files\nodejs\;C:\Program Files\Docker\Docker\resources\bin;C:\Windows\System32\WindowsPowerShell\v1.0;C:\Program Files\Git\cmd;C:\Users\maure\AppData\Local\Android\Sdk\tools\bin;C:\Users\maure\AppData\Local\Microsoft\WindowsApps;C:\Users\maure\AppData\Local\Programs\Microsoft VS Code\bin;C:\Users\maure\AppData\Roaming\npm;C:\Program Files\Git\bin;C:\Program Files\Git\cmd;C:\Users\maure\flutter\bin;C:\Users\maure\AppData\Local\Android\Sdk;C:\Users\maure\AppData\Local\Android\Sdk\platform-tools;
USERNAME=maure
OS=Windows_NT
PROCESSOR_IDENTIFIER=Intel64 Family 6 Model 140 Stepping 1, GenuineIntel
TMP=C:\Users\maure\AppData\Local\Temp
TEMP=C:\Users\maure\AppData\Local\Temp



Periodic native trim disabled


---------------  S Y S T E M  ---------------

OS:
 Windows 11 , 64 bit Build 22621 (10.0.22621.2506)
OS uptime: 2 days 9:34 hours
Hyper-V role detected

CPU: total 8 (initial active 8) (4 cores per cpu, 2 threads per core) family 6 model 140 stepping 1 microcode 0x78, cx8, cmov, fxsr, ht, mmx, 3dnowpref, sse, sse2, sse3, ssse3, sse4.1, sse4.2, popcnt, lzcnt, tsc, tscinvbit, avx, avx2, aes, erms, clmul, bmi1, bmi2, adx, avx512f, avx512dq, avx512cd, avx512bw, avx512vl, sha, fma, vzeroupper, avx512_vpopcntdq, avx512_vpclmulqdq, avx512_vaes, avx512_vnni, clflush, clflushopt, clwb, avx512_vbmi2, avx512_vbmi, hv
Processor Information for all 8 processors :
  Max Mhz: 2419, Current Mhz: 2419, Mhz Limit: 2419

Memory: 4k page, system-wide physical 7975M (6M free)
TotalPageFile size 32551M (AvailPageFile size 8M)
current process WorkingSet (physical memory assigned to process): 120M, peak: 142M
current process commit charge ("private bytes"): 197M, peak: 231M

vm_info: OpenJDK 64-Bit Server VM (17.0.9+9) for windows-amd64 JRE (17.0.9+9), built on Oct 26 2023 14:01:42 by "admin" with MS VC++ 16.10 / 16.11 (VS2019)

END.
